#
# There is insufficient memory for the Java Runtime Environment to continue.
# Native memory allocation (malloc) failed to allocate 32784 bytes for Chunk::new
# Possible reasons:
#   The system is out of physical RAM or swap space
#   In 32 bit mode, the process size limit was hit
# Possible solutions:
#   Reduce memory load on the system
#   Increase physical memory or swap space
#   Check if swap backing store is full
#   Use 64 bit Java on a 64 bit OS
#   Decrease Java heap size (-Xmx/-Xms)
#   Decrease number of Java threads
#   Decrease Java thread stack sizes (-Xss)
#   Set larger code cache with -XX:ReservedCodeCacheSize=
# This output file may be truncated or incomplete.
#
#  Out of Memory Error (allocation.cpp:390), pid=10056, tid=0x000000000000179c
#
# JRE version: OpenJDK Runtime Environment (8.0_152-b06) (build 1.8.0_152-release-1136-b06)
# Java VM: OpenJDK 64-Bit Server VM (25.152-b06 mixed mode windows-amd64 compressed oops)
# Failed to write core dump. Minidumps are not enabled by default on client versions of Windows
#

---------------  T H R E A D  ---------------

Current thread (0x0000000017bb2000):  JavaThread "C2 CompilerThread0" daemon [_thread_in_native, id=6044, stack(0x0000000018050000,0x0000000018150000)]

Stack: [0x0000000018050000,0x0000000018150000]
[error occurred during error reporting (printing stack bounds), id 0xc0000005]

Native frames: (J=compiled Java code, j=interpreted, Vv=VM code, C=native code)


Current CompileTask:
C2:  47086 9292       4       org.gradle.api.internal.changedetection.state.SnapshotMapSerializer::readSnapshot (200 bytes)


---------------  P R O C E S S  ---------------

Java Threads: ( => current thread )
  0x000000001d14b000 JavaThread "ForkJoinPool.commonPool-worker-3" daemon [_thread_blocked, id=13284, stack(0x00000000240f0000,0x00000000241f0000)]
  0x000000001d146000 JavaThread "ForkJoinPool.commonPool-worker-2" daemon [_thread_blocked, id=2964, stack(0x0000000023ff0000,0x00000000240f0000)]
  0x000000001d149800 JavaThread "ForkJoinPool.commonPool-worker-1" daemon [_thread_blocked, id=9756, stack(0x0000000023ef0000,0x0000000023ff0000)]
  0x000000001bc0e000 JavaThread "Cache worker for Java compile cache (E:\HocTap\do an cnpm\App\AppTravel\.gradle\4.6\javaCompile)" [_thread_blocked, id=11748, stack(0x00000000236f0000,0x00000000237f0000)]
  0x000000001bc0f000 JavaThread "Task worker for ':' Thread 3" [_thread_blocked, id=4740, stack(0x00000000233f0000,0x00000000234f0000)]
  0x000000001bc0b000 JavaThread "Task worker for ':' Thread 2" [_thread_blocked, id=12600, stack(0x00000000232f0000,0x00000000233f0000)]
  0x000000001bc09800 JavaThread "Task worker for ':'" [_thread_blocked, id=10896, stack(0x00000000231f0000,0x00000000232f0000)]
  0x000000001bc09000 JavaThread "Cache worker for Build Output Cleanup Cache (E:\HocTap\do an cnpm\App\AppTravel\.gradle\buildOutputCleanup)" [_thread_blocked, id=9868, stack(0x00000000230f0000,0x00000000231f0000)]
  0x000000001bc0c800 JavaThread "Cache worker for task history cache (E:\HocTap\do an cnpm\App\AppTravel\.gradle\4.6\taskHistory)" [_thread_in_native, id=4980, stack(0x0000000022ff0000,0x00000000230f0000)]
  0x000000001bc0a800 JavaThread "Cache worker for file content cache (E:\HocTap\do an cnpm\App\AppTravel\.gradle\4.6\fileContent)" [_thread_blocked, id=11024, stack(0x00000000228b0000,0x00000000229b0000)]
  0x000000001bc03800 JavaThread "Memory manager" [_thread_blocked, id=13032, stack(0x0000000021db0000,0x0000000021eb0000)]
  0x000000001bc03000 JavaThread "Build operations Thread 4" [_thread_blocked, id=12988, stack(0x00000000208e0000,0x00000000209e0000)]
  0x000000001bc04800 JavaThread "Build operations Thread 3" [_thread_blocked, id=4872, stack(0x00000000207e0000,0x00000000208e0000)]
  0x000000001bbff800 JavaThread "Build operations Thread 2" [_thread_blocked, id=8368, stack(0x00000000206e0000,0x00000000207e0000)]
  0x000000001bc02000 JavaThread "Build operations" [_thread_blocked, id=720, stack(0x00000000205e0000,0x00000000206e0000)]
  0x000000001bc05000 JavaThread "Cache worker for Artifact transforms cache (C:\Users\Phuc Pham\.gradle\caches\transforms-1)" [_thread_blocked, id=2140, stack(0x000000001ea10000,0x000000001eb10000)]
  0x0000000019631000 JavaThread "Thread-12" daemon [_thread_in_native, id=5688, stack(0x000000001e910000,0x000000001ea10000)]
  0x0000000019630000 JavaThread "Cache worker for file hash cache (E:\HocTap\do an cnpm\App\AppTravel\.gradle\4.6\fileHashes)" [_thread_blocked, id=2712, stack(0x000000001b1a0000,0x000000001b2a0000)]
  0x000000001980e800 JavaThread "File lock request listener" [_thread_in_native, id=2496, stack(0x000000001b0a0000,0x000000001b1a0000)]
  0x0000000019a74800 JavaThread "Cache worker for file hash cache (C:\Users\Phuc Pham\.gradle\caches\4.6\fileHashes)" [_thread_blocked, id=7528, stack(0x000000001afa0000,0x000000001b0a0000)]
  0x0000000019389000 JavaThread "Stdin handler" [_thread_blocked, id=5496, stack(0x000000001aca0000,0x000000001ada0000)]
  0x0000000019388800 JavaThread "Asynchronous log dispatcher for DefaultDaemonConnection: socket connection from /127.0.0.1:63391 to /127.0.0.1:63392" [_thread_blocked, id=5600, stack(0x000000001aba0000,0x000000001aca0000)]
  0x0000000019397000 JavaThread "Daemon worker" [_thread_blocked, id=5984, stack(0x000000001aaa0000,0x000000001aba0000)]
  0x000000001938f800 JavaThread "Cancel handler" [_thread_blocked, id=9556, stack(0x000000001a9a0000,0x000000001aaa0000)]
  0x000000001948b000 JavaThread "Handler for socket connection from /127.0.0.1:63391 to /127.0.0.1:63392" [_thread_in_native, id=1360, stack(0x000000001a6a0000,0x000000001a7a0000)]
  0x0000000019500000 JavaThread "Daemon" [_thread_blocked, id=5580, stack(0x000000001a5a0000,0x000000001a6a0000)]
  0x00000000193ed000 JavaThread "Daemon periodic checks" [_thread_blocked, id=12760, stack(0x000000001a4a0000,0x000000001a5a0000)]
  0x00000000193eb800 JavaThread "Incoming local TCP Connector on port 63391" [_thread_in_native, id=4372, stack(0x000000001a260000,0x000000001a360000)]
  0x0000000017bc4800 JavaThread "Service Thread" daemon [_thread_blocked, id=992, stack(0x0000000018350000,0x0000000018450000)]
  0x0000000017bcd000 JavaThread "C1 CompilerThread2" daemon [_thread_blocked, id=4404, stack(0x0000000018250000,0x0000000018350000)]
  0x0000000017bb5000 JavaThread "C2 CompilerThread1" daemon [_thread_in_native, id=2204, stack(0x0000000018150000,0x0000000018250000)]
=>0x0000000017bb2000 JavaThread "C2 CompilerThread0" daemon [_thread_in_native, id=6044, stack(0x0000000018050000,0x0000000018150000)]
  0x0000000016506000 JavaThread "Attach Listener" daemon [_thread_blocked, id=5824, stack(0x0000000017a50000,0x0000000017b50000)]
  0x0000000016554800 JavaThread "Signal Dispatcher" daemon [_thread_blocked, id=5564, stack(0x0000000017950000,0x0000000017a50000)]
  0x0000000002b8e000 JavaThread "Finalizer" daemon [_thread_blocked, id=608, stack(0x0000000017760000,0x0000000017860000)]
  0x0000000002b83000 JavaThread "Reference Handler" daemon [_thread_blocked, id=5552, stack(0x0000000017660000,0x0000000017760000)]
  0x0000000002a93800 JavaThread "main" [_thread_blocked, id=6536, stack(0x00000000027c0000,0x00000000028c0000)]

Other Threads:
  0x00000000164c6800 VMThread [stack: 0x0000000017560000,0x0000000017660000] [id=3304]
  0x0000000017c6f000 WatcherThread [stack: 0x0000000018450000,0x0000000018550000] [id=6980]

VM state:not at safepoint (normal execution)

VM Mutex/Monitor currently owned by a thread: None

Heap:
 PSYoungGen      total 188416K, used 21624K [0x00000000e0000000, 0x00000000eec00000, 0x0000000100000000)
  eden space 172544K, 5% used [0x00000000e0000000,0x00000000e0891ee0,0x00000000ea880000)
  from space 15872K, 80% used [0x00000000ea880000,0x00000000eb50c468,0x00000000eb800000)
  to   space 16896K, 0% used [0x00000000edb80000,0x00000000edb80000,0x00000000eec00000)
 ParOldGen       total 114176K, used 39053K [0x00000000a0000000, 0x00000000a6f80000, 0x00000000e0000000)
  object space 114176K, 34% used [0x00000000a0000000,0x00000000a2623438,0x00000000a6f80000)
 Metaspace       used 68656K, capacity 70824K, committed 71128K, reserved 1110016K
  class space    used 9163K, capacity 9621K, committed 9728K, reserved 1048576K

Card table byte_map: [0x0000000011f50000,0x0000000012260000] byte_map_base: 0x0000000011a50000

Marking Bits: (ParMarkBitMap*) 0x00000000563d5aa0
 Begin Bits: [0x0000000012860000, 0x0000000014060000)
 End Bits:   [0x0000000014060000, 0x0000000015860000)

Polling page: 0x0000000000910000

CodeCache: size=245760Kb used=28316Kb max_used=28316Kb free=217443Kb
 bounds [0x0000000002b90000, 0x0000000004760000, 0x0000000011b90000]
 total_blobs=8989 nmethods=8168 adapters=733
 compilation: enabled

Compilation events (10 events):
Event: 47.046 Thread 0x0000000017bcd000 9306       3       com.google.gson.stream.JsonReader::beginObject (70 bytes)
Event: 47.047 Thread 0x0000000017bcd000 nmethod 9306 0x0000000004059b10 code [0x0000000004059d60, 0x000000000405ab08]
Event: 47.047 Thread 0x0000000017bcd000 9307       3       com.google.gson.stream.JsonReader::endObject (100 bytes)
Event: 47.048 Thread 0x0000000017bcd000 nmethod 9307 0x0000000004747cd0 code [0x0000000004747f20, 0x0000000004748e18]
Event: 47.049 Thread 0x0000000017bcd000 9308       3       com.google.common.collect.Sets$2::size (49 bytes)
Event: 47.049 Thread 0x0000000017bcd000 nmethod 9308 0x0000000004749490 code [0x0000000004749640, 0x0000000004749b98]
Event: 47.049 Thread 0x0000000017bcd000 9309       3       com.google.common.collect.AbstractIterator::hasNext (65 bytes)
Event: 47.050 Thread 0x0000000017bcd000 nmethod 9309 0x0000000004059290 code [0x0000000004059420, 0x0000000004059858]
Event: 47.050 Thread 0x0000000017bcd000 9310       1       com.android.build.gradle.internal.pipeline.SubStream::getScopes (5 bytes)
Event: 47.050 Thread 0x0000000017bcd000 nmethod 9310 0x0000000004749d50 code [0x0000000004749ea0, 0x0000000004749fb0]

GC Heap History (10 events):
Event: 18.962 GC heap before
{Heap before GC invocations=14 (full 2):
 PSYoungGen      total 114176K, used 114173K [0x00000000e0000000, 0x00000000e9c80000, 0x0000000100000000)
  eden space 104448K, 100% used [0x00000000e0000000,0x00000000e6600000,0x00000000e6600000)
  from space 9728K, 99% used [0x00000000e6600000,0x00000000e6f7f698,0x00000000e6f80000)
  to   space 11264K, 0% used [0x00000000e9180000,0x00000000e9180000,0x00000000e9c80000)
 ParOldGen       total 68608K, used 18727K [0x00000000a0000000, 0x00000000a4300000, 0x00000000e0000000)
  object space 68608K, 27% used [0x00000000a0000000,0x00000000a1249f88,0x00000000a4300000)
 Metaspace       used 49857K, capacity 51020K, committed 51160K, reserved 1093632K
  class space    used 6688K, capacity 7043K, committed 7168K, reserved 1048576K
Event: 19.014 GC heap after
Heap after GC invocations=14 (full 2):
 PSYoungGen      total 147968K, used 10494K [0x00000000e0000000, 0x00000000e9e00000, 0x0000000100000000)
  eden space 136704K, 0% used [0x00000000e0000000,0x00000000e0000000,0x00000000e8580000)
  from space 11264K, 93% used [0x00000000e9180000,0x00000000e9bbf960,0x00000000e9c80000)
  to   space 12288K, 0% used [0x00000000e8580000,0x00000000e8580000,0x00000000e9180000)
 ParOldGen       total 68608K, used 24923K [0x00000000a0000000, 0x00000000a4300000, 0x00000000e0000000)
  object space 68608K, 36% used [0x00000000a0000000,0x00000000a1856ea0,0x00000000a4300000)
 Metaspace       used 49857K, capacity 51020K, committed 51160K, reserved 1093632K
  class space    used 6688K, capacity 7043K, committed 7168K, reserved 1048576K
}
Event: 26.056 GC heap before
{Heap before GC invocations=15 (full 2):
 PSYoungGen      total 147968K, used 147198K [0x00000000e0000000, 0x00000000e9e00000, 0x0000000100000000)
  eden space 136704K, 100% used [0x00000000e0000000,0x00000000e8580000,0x00000000e8580000)
  from space 11264K, 93% used [0x00000000e9180000,0x00000000e9bbf960,0x00000000e9c80000)
  to   space 12288K, 0% used [0x00000000e8580000,0x00000000e8580000,0x00000000e9180000)
 ParOldGen       total 68608K, used 24923K [0x00000000a0000000, 0x00000000a4300000, 0x00000000e0000000)
  object space 68608K, 36% used [0x00000000a0000000,0x00000000a1856ea0,0x00000000a4300000)
 Metaspace       used 56072K, capacity 57774K, committed 57944K, reserved 1099776K
  class space    used 7606K, capacity 8052K, committed 8064K, reserved 1048576K
Event: 26.076 GC heap after
Heap after GC invocations=15 (full 2):
 PSYoungGen      total 148992K, used 12272K [0x00000000e0000000, 0x00000000eca80000, 0x0000000100000000)
  eden space 136704K, 0% used [0x00000000e0000000,0x00000000e0000000,0x00000000e8580000)
  from space 12288K, 99% used [0x00000000e8580000,0x00000000e917c300,0x00000000e9180000)
  to   space 15872K, 0% used [0x00000000ebb00000,0x00000000ebb00000,0x00000000eca80000)
 ParOldGen       total 68608K, used 30582K [0x00000000a0000000, 0x00000000a4300000, 0x00000000e0000000)
  object space 68608K, 44% used [0x00000000a0000000,0x00000000a1dddb10,0x00000000a4300000)
 Metaspace       used 56072K, capacity 57774K, committed 57944K, reserved 1099776K
  class space    used 7606K, capacity 8052K, committed 8064K, reserved 1048576K
}
Event: 30.918 GC heap before
{Heap before GC invocations=16 (full 2):
 PSYoungGen      total 148992K, used 51012K [0x00000000e0000000, 0x00000000eca80000, 0x0000000100000000)
  eden space 136704K, 28% used [0x00000000e0000000,0x00000000e25d4d10,0x00000000e8580000)
  from space 12288K, 99% used [0x00000000e8580000,0x00000000e917c300,0x00000000e9180000)
  to   space 15872K, 0% used [0x00000000ebb00000,0x00000000ebb00000,0x00000000eca80000)
 ParOldGen       total 68608K, used 30582K [0x00000000a0000000, 0x00000000a4300000, 0x00000000e0000000)
  object space 68608K, 44% used [0x00000000a0000000,0x00000000a1dddb10,0x00000000a4300000)
 Metaspace       used 57223K, capacity 58958K, committed 59028K, reserved 1099776K
  class space    used 7774K, capacity 8192K, committed 8192K, reserved 1048576K
Event: 30.936 GC heap after
Heap after GC invocations=16 (full 2):
 PSYoungGen      total 185344K, used 5856K [0x00000000e0000000, 0x00000000ec780000, 0x0000000100000000)
  eden space 172544K, 0% used [0x00000000e0000000,0x00000000e0000000,0x00000000ea880000)
  from space 12800K, 45% used [0x00000000ebb00000,0x00000000ec0b8000,0x00000000ec780000)
  to   space 15872K, 0% used [0x00000000ea880000,0x00000000ea880000,0x00000000eb800000)
 ParOldGen       total 68608K, used 38959K [0x00000000a0000000, 0x00000000a4300000, 0x00000000e0000000)
  object space 68608K, 56% used [0x00000000a0000000,0x00000000a260bd80,0x00000000a4300000)
 Metaspace       used 57223K, capacity 58958K, committed 59028K, reserved 1099776K
  class space    used 7774K, capacity 8192K, committed 8192K, reserved 1048576K
}
Event: 30.936 GC heap before
{Heap before GC invocations=17 (full 3):
 PSYoungGen      total 185344K, used 5856K [0x00000000e0000000, 0x00000000ec780000, 0x0000000100000000)
  eden space 172544K, 0% used [0x00000000e0000000,0x00000000e0000000,0x00000000ea880000)
  from space 12800K, 45% used [0x00000000ebb00000,0x00000000ec0b8000,0x00000000ec780000)
  to   space 15872K, 0% used [0x00000000ea880000,0x00000000ea880000,0x00000000eb800000)
 ParOldGen       total 68608K, used 38959K [0x00000000a0000000, 0x00000000a4300000, 0x00000000e0000000)
  object space 68608K, 56% used [0x00000000a0000000,0x00000000a260bd80,0x00000000a4300000)
 Metaspace       used 57223K, capacity 58958K, committed 59028K, reserved 1099776K
  class space    used 7774K, capacity 8192K, committed 8192K, reserved 1048576K
Event: 31.229 GC heap after
Heap after GC invocations=17 (full 3):
 PSYoungGen      total 185344K, used 0K [0x00000000e0000000, 0x00000000ec780000, 0x0000000100000000)
  eden space 172544K, 0% used [0x00000000e0000000,0x00000000e0000000,0x00000000ea880000)
  from space 12800K, 0% used [0x00000000ebb00000,0x00000000ebb00000,0x00000000ec780000)
  to   space 15872K, 0% used [0x00000000ea880000,0x00000000ea880000,0x00000000eb800000)
 ParOldGen       total 114176K, used 39045K [0x00000000a0000000, 0x00000000a6f80000, 0x00000000e0000000)
  object space 114176K, 34% used [0x00000000a0000000,0x00000000a2621438,0x00000000a6f80000)
 Metaspace       used 57223K, capacity 58958K, committed 59028K, reserved 1099776K
  class space    used 7774K, capacity 8192K, committed 8192K, reserved 1048576K
}
Event: 46.747 GC heap before
{Heap before GC invocations=18 (full 3):
 PSYoungGen      total 185344K, used 172544K [0x00000000e0000000, 0x00000000ec780000, 0x0000000100000000)
  eden space 172544K, 100% used [0x00000000e0000000,0x00000000ea880000,0x00000000ea880000)
  from space 12800K, 0% used [0x00000000ebb00000,0x00000000ebb00000,0x00000000ec780000)
  to   space 15872K, 0% used [0x00000000ea880000,0x00000000ea880000,0x00000000eb800000)
 ParOldGen       total 114176K, used 39045K [0x00000000a0000000, 0x00000000a6f80000, 0x00000000e0000000)
  object space 114176K, 34% used [0x00000000a0000000,0x00000000a2621438,0x00000000a6f80000)
 Metaspace       used 67896K, capacity 69840K, committed 69976K, reserved 1110016K
  class space    used 9065K, capacity 9495K, committed 9600K, reserved 1048576K
Event: 46.767 GC heap after
Heap after GC invocations=18 (full 3):
 PSYoungGen      total 188416K, used 12849K [0x00000000e0000000, 0x00000000eec00000, 0x0000000100000000)
  eden space 172544K, 0% used [0x00000000e0000000,0x00000000e0000000,0x00000000ea880000)
  from space 15872K, 80% used [0x00000000ea880000,0x00000000eb50c468,0x00000000eb800000)
  to   space 16896K, 0% used [0x00000000edb80000,0x00000000edb80000,0x00000000eec00000)
 ParOldGen       total 114176K, used 39053K [0x00000000a0000000, 0x00000000a6f80000, 0x00000000e0000000)
  object space 114176K, 34% used [0x00000000a0000000,0x00000000a2623438,0x00000000a6f80000)
 Metaspace       used 67896K, capacity 69840K, committed 69976K, reserved 1110016K
  class space    used 9065K, capacity 9495K, committed 9600K, reserved 1048576K
}

Deoptimization events (10 events):
Event: 44.860 Thread 0x000000001d149800 Uncommon trap: reason=unstable_if action=reinterpret pc=0x0000000003b8c194 method=sun.nio.fs.WindowsPathParser.isSlash(C)Z @ 9
Event: 44.860 Thread 0x000000001d146000 Uncommon trap: reason=unstable_if action=reinterpret pc=0x0000000002cb8378 method=sun.nio.fs.WindowsPathParser.isSlash(C)Z @ 9
Event: 44.860 Thread 0x000000001d149800 Uncommon trap: reason=unstable_if action=reinterpret pc=0x0000000002cb8378 method=sun.nio.fs.WindowsPathParser.isSlash(C)Z @ 9
Event: 44.892 Thread 0x000000001d146000 Uncommon trap: reason=unstable_if action=reinterpret pc=0x000000000399c5b8 method=java.nio.file.FileTreeWalker.getAttributes(Ljava/nio/file/Path;Z)Ljava/nio/file/attribute/BasicFileAttributes; @ 35
Event: 44.892 Thread 0x000000001d149800 Uncommon trap: reason=unstable_if action=reinterpret pc=0x000000000399c5b8 method=java.nio.file.FileTreeWalker.getAttributes(Ljava/nio/file/Path;Z)Ljava/nio/file/attribute/BasicFileAttributes; @ 35
Event: 46.688 Thread 0x000000001d149800 Uncommon trap: reason=unstable_if action=reinterpret pc=0x0000000003809788 method=java.util.HashMap$HashIterator.<init>(Ljava/util/HashMap;)V @ 45
Event: 46.993 Thread 0x0000000019397000 Uncommon trap: reason=class_check action=maybe_recompile pc=0x00000000036581f8 method=com.google.common.collect.AbstractMapBasedMultimap$WrappedCollection.refreshIfEmpty()V @ 59
Event: 46.993 Thread 0x0000000019397000 Uncommon trap: reason=class_check action=maybe_recompile pc=0x0000000003db4fc0 method=com.google.common.collect.AbstractMapBasedMultimap$WrappedCollection.refreshIfEmpty()V @ 59
Event: 47.032 Thread 0x000000001bc0c800 Uncommon trap: reason=unstable_if action=reinterpret pc=0x00000000046de778 method=com.esotericsoftware.kryo.io.Output.writeByte(B)V @ 8
Event: 47.037 Thread 0x000000001bc0b000 Uncommon trap: reason=unstable_if action=reinterpret pc=0x00000000034b49f8 method=java.lang.String.regionMatches(ZILjava/lang/String;II)Z @ 102

Classes redefined (0 events):
No events

Internal exceptions (10 events):
Event: 24.305 Thread 0x0000000019397000 Exception <a 'java/lang/NoSuchMethodError': <clinit>> (0x00000000e6b4b398) thrown at [D:\src\AOSP-openjdk-cygwin\jdk8u\hotspot\src\share\vm\prims\jni.cpp, line 1613]
Event: 24.307 Thread 0x0000000019397000 Exception <a 'java/lang/NoSuchMethodError': <clinit>> (0x00000000e6f98038) thrown at [D:\src\AOSP-openjdk-cygwin\jdk8u\hotspot\src\share\vm\prims\jni.cpp, line 1613]
Event: 24.311 Thread 0x0000000019397000 Exception <a 'java/lang/NoSuchMethodError': <clinit>> (0x00000000e6fa6db0) thrown at [D:\src\AOSP-openjdk-cygwin\jdk8u\hotspot\src\share\vm\prims\jni.cpp, line 1613]
Event: 28.610 Thread 0x000000001bc0b000 Implicit null exception at 0x000000000405a6d4 to 0x000000000405b4b5
Event: 44.842 Thread 0x000000001d146000 Exception <a 'java/lang/NoSuchMethodError': java.lang.Object.lambda$and$0(Ljava/util/function/Predicate;Ljava/lang/Object;)Z> (0x00000000e8c7d5b8) thrown at [D:\src\AOSP-openjdk-cygwin\jdk8u\hotspot\src\share\vm\interpreter\linkResolver.cpp, line 584]
Event: 44.842 Thread 0x000000001d149800 Exception <a 'java/lang/NoSuchMethodError': java.lang.Object.lambda$and$0(Ljava/util/function/Predicate;Ljava/lang/Object;)Z> (0x00000000e8d521a0) thrown at [D:\src\AOSP-openjdk-cygwin\jdk8u\hotspot\src\share\vm\interpreter\linkResolver.cpp, line 584]
Event: 44.857 Thread 0x000000001d146000 Exception <a 'java/lang/NoSuchMethodError': java.lang.Object.lambda$static$0(Ljava/lang/String;)Z> (0x00000000e8c93100) thrown at [D:\src\AOSP-openjdk-cygwin\jdk8u\hotspot\src\share\vm\interpreter\linkResolver.cpp, line 584]
Event: 44.919 Thread 0x000000001d149800 Exception <a 'sun/nio/fs/WindowsException'> (0x00000000e9051978) thrown at [D:\src\AOSP-openjdk-cygwin\jdk8u\hotspot\src\share\vm\prims\jni.cpp, line 709]
Event: 46.371 Thread 0x000000001d149800 Exception <a 'java/lang/NoSuchMethodError': java.lang.Object.lambda$comparingInt$7b0bb60$1(Ljava/util/function/ToIntFunction;Ljava/lang/Object;Ljava/lang/Object;)I> (0x00000000ea180de8) thrown at [D:\src\AOSP-openjdk-cygwin\jdk8u\hotspot\src\share\vm\inte
Event: 46.970 Thread 0x000000001d149800 Exception <a 'sun/nio/fs/WindowsException'> (0x00000000e0366290) thrown at [D:\src\AOSP-openjdk-cygwin\jdk8u\hotspot\src\share\vm\prims\jni.cpp, line 709]

Events (10 events):
Event: 46.993 Thread 0x0000000019397000 DEOPT PACKING pc=0x0000000003fceec4 sp=0x000000001ab9bcd0
Event: 46.993 Thread 0x0000000019397000 DEOPT UNPACKING pc=0x0000000002bd75d0 sp=0x000000001ab9bbd0 mode 0
Event: 47.032 Thread 0x000000001bc0c800 Uncommon trap: trap_request=0xffffff65 fr.pc=0x00000000046de778
Event: 47.032 Thread 0x0000000019397000 DEOPT PACKING pc=0x0000000003fceec4 sp=0x000000001ab9c8e0
Event: 47.032 Thread 0x000000001bc0c800 DEOPT PACKING pc=0x00000000046de778 sp=0x00000000230ee260
Event: 47.032 Thread 0x0000000019397000 DEOPT UNPACKING pc=0x0000000002bd75d0 sp=0x000000001ab9c7e0 mode 0
Event: 47.032 Thread 0x000000001bc0c800 DEOPT UNPACKING pc=0x0000000002bd557b sp=0x00000000230ee190 mode 2
Event: 47.037 Thread 0x000000001bc0b000 Uncommon trap: trap_request=0xffffff65 fr.pc=0x00000000034b49f8
Event: 47.037 Thread 0x000000001bc0b000 DEOPT PACKING pc=0x00000000034b49f8 sp=0x00000000233ed9e0
Event: 47.037 Thread 0x000000001bc0b000 DEOPT UNPACKING pc=0x0000000002bd557b sp=0x00000000233ed938 mode 2


Dynamic libraries:
0x00007ff76f830000 - 0x00007ff76f861000 	C:\Program Files\Android\Android Studio\jre\bin\java.exe
0x00007fffe4180000 - 0x00007fffe4361000 	C:\WINDOWS\SYSTEM32\ntdll.dll
0x00007fffe17e0000 - 0x00007fffe1892000 	C:\WINDOWS\System32\KERNEL32.DLL
0x00007fffe06f0000 - 0x00007fffe0963000 	C:\WINDOWS\System32\KERNELBASE.dll
0x00007fffe18c0000 - 0x00007fffe1961000 	C:\WINDOWS\System32\ADVAPI32.dll
0x00007fffe3cd0000 - 0x00007fffe3d6e000 	C:\WINDOWS\System32\msvcrt.dll
0x00007fffe3e60000 - 0x00007fffe3ebb000 	C:\WINDOWS\System32\sechost.dll
0x00007fffe1980000 - 0x00007fffe1aa4000 	C:\WINDOWS\System32\RPCRT4.dll
0x00007fffe1c30000 - 0x00007fffe1dc0000 	C:\WINDOWS\System32\USER32.dll
0x00007fffe0b00000 - 0x00007fffe0b20000 	C:\WINDOWS\System32\win32u.dll
0x00007fffe1610000 - 0x00007fffe1638000 	C:\WINDOWS\System32\GDI32.dll
0x00007fffe0b20000 - 0x00007fffe0cb2000 	C:\WINDOWS\System32\gdi32full.dll
0x00007fffe0650000 - 0x00007fffe06ef000 	C:\WINDOWS\System32\msvcp_win.dll
0x00007fffe0550000 - 0x00007fffe064a000 	C:\WINDOWS\System32\ucrtbase.dll
0x00007fffd9810000 - 0x00007fffd9a79000 	C:\WINDOWS\WinSxS\amd64_microsoft.windows.common-controls_6595b64144ccf1df_6.0.17134.345_none_fb429a5930656358\COMCTL32.dll
0x00007fffe1dd0000 - 0x00007fffe20f3000 	C:\WINDOWS\System32\combase.dll
0x00007fffe0970000 - 0x00007fffe09ea000 	C:\WINDOWS\System32\bcryptPrimitives.dll
0x00007fffe3740000 - 0x00007fffe376d000 	C:\WINDOWS\System32\IMM32.DLL
0x0000000058240000 - 0x0000000058312000 	C:\Program Files\Android\Android Studio\jre\jre\bin\msvcr100.dll
0x0000000055c10000 - 0x0000000056451000 	C:\Program Files\Android\Android Studio\jre\jre\bin\server\jvm.dll
0x00007fffe1dc0000 - 0x00007fffe1dc8000 	C:\WINDOWS\System32\PSAPI.DLL
0x00007fffcc910000 - 0x00007fffcc919000 	C:\WINDOWS\SYSTEM32\WSOCK32.dll
0x00007fffe36d0000 - 0x00007fffe373c000 	C:\WINDOWS\System32\WS2_32.dll
0x00007fffdb130000 - 0x00007fffdb153000 	C:\WINDOWS\SYSTEM32\WINMM.dll
0x00007fffdae70000 - 0x00007fffdae7a000 	C:\WINDOWS\SYSTEM32\VERSION.dll
0x00007fffdaf50000 - 0x00007fffdaf7a000 	C:\WINDOWS\SYSTEM32\WINMMBASE.dll
0x00007fffe15c0000 - 0x00007fffe1609000 	C:\WINDOWS\System32\cfgmgr32.dll
0x00007fffdcb10000 - 0x00007fffdcb1f000 	C:\Program Files\Android\Android Studio\jre\jre\bin\verify.dll
0x00007fffd3730000 - 0x00007fffd3759000 	C:\Program Files\Android\Android Studio\jre\jre\bin\java.dll
0x00007fffd3700000 - 0x00007fffd3723000 	C:\Program Files\Android\Android Studio\jre\jre\bin\instrument.dll
0x00007fffd9490000 - 0x00007fffd94a6000 	C:\Program Files\Android\Android Studio\jre\jre\bin\zip.dll
0x00007fffe2100000 - 0x00007fffe353f000 	C:\WINDOWS\System32\SHELL32.dll
0x00007fffe3770000 - 0x00007fffe3819000 	C:\WINDOWS\System32\shcore.dll
0x00007fffe0eb0000 - 0x00007fffe15bd000 	C:\WINDOWS\System32\windows.storage.dll
0x00007fffe3670000 - 0x00007fffe36c1000 	C:\WINDOWS\System32\shlwapi.dll
0x00007fffe0520000 - 0x00007fffe0531000 	C:\WINDOWS\System32\kernel.appcore.dll
0x00007fffe0500000 - 0x00007fffe051f000 	C:\WINDOWS\System32\profapi.dll
0x00007fffe04b0000 - 0x00007fffe04fc000 	C:\WINDOWS\System32\powrprof.dll
0x00007fffe0540000 - 0x00007fffe054a000 	C:\WINDOWS\System32\FLTLIB.DLL
0x00007fffd9090000 - 0x00007fffd90aa000 	C:\Program Files\Android\Android Studio\jre\jre\bin\net.dll
0x00007fffdf9b0000 - 0x00007fffdfa16000 	C:\WINDOWS\system32\mswsock.dll
0x00007fffd7590000 - 0x00007fffd75a1000 	C:\Program Files\Android\Android Studio\jre\jre\bin\nio.dll
0x00007fffd77f0000 - 0x00007fffd780e000 	C:\Users\Phuc Pham\.gradle\native\25\windows-amd64\native-platform.dll
0x00007fffdc420000 - 0x00007fffdc42d000 	C:\Program Files\Android\Android Studio\jre\jre\bin\management.dll
0x00007fffdfe50000 - 0x00007fffdfe67000 	C:\WINDOWS\SYSTEM32\CRYPTSP.dll
0x00007fffdf590000 - 0x00007fffdf5c3000 	C:\WINDOWS\system32\rsaenh.dll
0x00007fffdfe20000 - 0x00007fffdfe45000 	C:\WINDOWS\SYSTEM32\bcrypt.dll
0x00007fffe0390000 - 0x00007fffe03b8000 	C:\WINDOWS\SYSTEM32\USERENV.dll
0x00007fffdfb60000 - 0x00007fffdfb6b000 	C:\WINDOWS\SYSTEM32\CRYPTBASE.dll
0x00007fffdf730000 - 0x00007fffdf768000 	C:\WINDOWS\SYSTEM32\IPHLPAPI.DLL
0x00007fffe3540000 - 0x00007fffe3548000 	C:\WINDOWS\System32\NSI.dll
0x00007fffd9030000 - 0x00007fffd9046000 	C:\WINDOWS\SYSTEM32\dhcpcsvc6.DLL
0x00007fffd9010000 - 0x00007fffd902a000 	C:\WINDOWS\SYSTEM32\dhcpcsvc.DLL
0x00007fffdf770000 - 0x00007fffdf82e000 	C:\WINDOWS\SYSTEM32\DNSAPI.dll
0x0000000057be0000 - 0x0000000057c06000 	C:\Program Files\Bonjour\mdnsNSP.dll
0x00007fffd0780000 - 0x00007fffd078a000 	C:\Windows\System32\rasadhlp.dll
0x00007fffd0880000 - 0x00007fffd08f2000 	C:\WINDOWS\System32\fwpuclnt.dll

VM Arguments:
jvm_args: -javaagent:C:\Program Files\LogiGear\TestArchitect\binclient\agents\java\lib\ext\TAJavaLoader.jar -Xmx1536m -Dfile.encoding=windows-1258 -Duser.country=US -Duser.language=en -Duser.variant 
java_command: org.gradle.launcher.daemon.bootstrap.GradleDaemon 4.6
java_class_path (initial): C:\Users\Phuc Pham\.gradle\wrapper\dists\gradle-4.6-all\bcst21l2brirad8k2ben1letg\gradle-4.6\lib\gradle-launcher-4.6.jar;C:\Program Files\LogiGear\TestArchitect\binclient\agents\java\lib\ext\TAJavaLoader.jar
Launcher Type: SUN_STANDARD

Environment Variables:
JAVA_TOOL_OPTIONS=-javaagent:"C:\Program Files\LogiGear\TestArchitect\binclient\agents\java\lib\ext\TAJavaLoader.jar"
PATH=C:\ProgramData\Oracle\Java\javapath;C:\Program Files (x86)\Java\jre1.8.0_65\bin;C:\Program Files\Java\jdk1.8.0_65\bin;C:\Users\Phuc Pham\.dnx\bin;C:\Program Files\Microsoft DNX\Dnvm\;C:\WINDOWS\system32;C:\WINDOWS;C:\WINDOWS\System32\Wbem;C:\WINDOWS\System32\WindowsPowerShell\v1.0\;C:\Program Files (x86)\Windows Kits\8.1\Windows Performance Toolkit\;C:\Program Files\MATLAB\MATLAB Compiler Runtime\v83\runtime\win64;D:\tool\runtime\win64;D:\tool\bin;D:\tool\polyspace\bin;C:\Program Files\Microsoft SQL Server\Client SDK\ODBC\110\Tools\Binn\;C:\Program Files (x86)\Microsoft SQL Server\120\Tools\Binn\;C:\Program Files\Microsoft SQL Server\120\Tools\Binn\;C:\Program Files\Microsoft SQL Server\120\DTS\Binn\;C:\Program Files (x86)\Microsoft SQL Server\120\Tools\Binn\ManagementStudio\;C:\Program Files (x86)\Microsoft SQL Server\120\DTS\Binn\;C:\Program Files\nodejs\;D:\GIT\Git\cmd;C:\HashiCorp\Vagrant\bin;C:\WINDOWS\System32\OpenSSH\;C:\Program Files\LogiGear\TestArchitect\binclient;C:\Users\Phuc Pham\AppData\Local\Programs\Python\Python37-32\Scripts\;C:\Users\Phuc Pham\AppData\Local\Programs\Python\Python37-32\;C:\Users\Phuc Pham\AppData\Local\Microsoft\WindowsApps;C:\Users\Phuc Pham\AppData\Roaming\npm;C:\Program Files\LogiGear\TestArchitect\binclient
USERNAME=Phuc Pham
OS=Windows_NT
PROCESSOR_IDENTIFIER=Intel64 Family 6 Model 60 Stepping 3, GenuineIntel



---------------  S Y S T E M  ---------------

OS: Windows 10.0 , 64 bit Build 17134 (10.0.17134.1)

CPU:total 4 (initial active 4) (2 cores per cpu, 2 threads per core) family 6 model 60 stepping 3, cmov, cx8, fxsr, mmx, sse, sse2, sse3, ssse3, sse4.1, sse4.2, popcnt, avx, avx2, aes, clmul, erms, lzcnt, ht, tsc, tscinvbit, bmi1, bmi2

Memory: 4k page, physical 6171668k(469360k free), swap 10267668k(3028k free)

vm_info: OpenJDK 64-Bit Server VM (25.152-b06) for windows-amd64 JRE (1.8.0_152-release-1136-b06), built by "builder" with MS VC++ 10.0 (VS2010)

time: Sun Oct 28 16:41:15 2018
elapsed time: 47 seconds (0d 0h 0m 47s)

