#
# There is insufficient memory for the Java Runtime Environment to continue.
# Native memory allocation (malloc) failed to allocate 32744 bytes for ChunkPool::allocate
# Possible reasons:
#   The system is out of physical RAM or swap space
#   In 32 bit mode, the process size limit was hit
# Possible solutions:
#   Reduce memory load on the system
#   Increase physical memory or swap space
#   Check if swap backing store is full
#   Use 64 bit Java on a 64 bit OS
#   Decrease Java heap size (-Xmx/-Xms)
#   Decrease number of Java threads
#   Decrease Java thread stack sizes (-Xss)
#   Set larger code cache with -XX:ReservedCodeCacheSize=
# This output file may be truncated or incomplete.
#
#  Out of Memory Error (allocation.cpp:273), pid=10896, tid=0x00000000000034b8
#
# JRE version: OpenJDK Runtime Environment (8.0_152-b06) (build 1.8.0_152-release-1136-b06)
# Java VM: OpenJDK 64-Bit Server VM (25.152-b06 mixed mode windows-amd64 compressed oops)
# Failed to write core dump. Minidumps are not enabled by default on client versions of Windows
#

---------------  T H R E A D  ---------------

Current thread (0x000000001841e000):  JavaThread "C2 CompilerThread0" daemon [_thread_in_native, id=13496, stack(0x00000000188d0000,0x00000000189d0000)]

Stack: [0x00000000188d0000,0x00000000189d0000]
[error occurred during error reporting (printing stack bounds), id 0xc0000005]

Native frames: (J=compiled Java code, j=interpreted, Vv=VM code, C=native code)


Current CompileTask:
C2: 118937 13553       4       com.android.tools.r8.code.BaseInstructionFactory::create (3362 bytes)


---------------  P R O C E S S  ---------------

Java Threads: ( => current thread )
  0x000000001bd91800 JavaThread "ForkJoinPool-2-worker-0" daemon [_thread_blocked, id=1184, stack(0x00000000275a0000,0x00000000276a0000)]
  0x000000001bd91000 JavaThread "ForkJoinPool-2-worker-3" daemon [_thread_blocked, id=8228, stack(0x00000000274a0000,0x00000000275a0000)]
  0x000000001bd96000 JavaThread "ForkJoinPool-2-worker-2" daemon [_thread_blocked, id=13804, stack(0x00000000273a0000,0x00000000274a0000)]
  0x000000001bd93000 JavaThread "ForkJoinPool-2-worker-1" daemon [_thread_in_native, id=9688, stack(0x0000000026d60000,0x0000000026e60000)]
  0x000000001bd94800 JavaThread "ForkJoinPool-1-worker-0" daemon [_thread_blocked, id=11988, stack(0x0000000026710000,0x0000000026810000)]
  0x0000000019129800 JavaThread "ForkJoinPool-1-worker-3" daemon [_thread_blocked, id=9820, stack(0x0000000026610000,0x0000000026710000)]
  0x0000000019127800 JavaThread "ForkJoinPool-1-worker-2" daemon [_thread_blocked, id=13296, stack(0x0000000026510000,0x0000000026610000)]
  0x0000000019126800 JavaThread "ForkJoinPool-1-worker-1" daemon [_thread_blocked, id=1816, stack(0x0000000026410000,0x0000000026510000)]
  0x0000000019123800 JavaThread "ForkJoinPool.commonPool-worker-2" daemon [_thread_blocked, id=7172, stack(0x0000000025b10000,0x0000000025c10000)]
  0x0000000019128000 JavaThread "Cache worker for Java compile cache (E:\HocTap\do an cnpm\App\AppTravel\.gradle\4.6\javaCompile)" [_thread_blocked, id=5304, stack(0x0000000025210000,0x0000000025310000)]
  0x000000001911c000 JavaThread "stdout" [_thread_in_native, id=6164, stack(0x0000000025110000,0x0000000025210000)]
  0x0000000019123000 JavaThread "stderr" [_thread_in_native, id=8436, stack(0x0000000025010000,0x0000000025110000)]
  0x0000000019122000 JavaThread "pool-3-thread-1" [_thread_blocked, id=13888, stack(0x0000000024f10000,0x0000000025010000)]
  0x000000001911a800 JavaThread "Task worker for ':' Thread 3" [_thread_blocked, id=8232, stack(0x0000000023c10000,0x0000000023d10000)]
  0x000000001911d000 JavaThread "Task worker for ':' Thread 2" [_thread_blocked, id=9532, stack(0x0000000023b10000,0x0000000023c10000)]
  0x000000001911b800 JavaThread "Task worker for ':'" [_thread_blocked, id=12952, stack(0x0000000023a10000,0x0000000023b10000)]
  0x0000000019121800 JavaThread "Cache worker for Build Output Cleanup Cache (E:\HocTap\do an cnpm\App\AppTravel\.gradle\buildOutputCleanup)" [_thread_blocked, id=1160, stack(0x0000000023910000,0x0000000023a10000)]
  0x0000000019120000 JavaThread "Cache worker for task history cache (E:\HocTap\do an cnpm\App\AppTravel\.gradle\4.6\taskHistory)" [_thread_blocked, id=6072, stack(0x0000000023810000,0x0000000023910000)]
  0x0000000019120800 JavaThread "Cache worker for file content cache (E:\HocTap\do an cnpm\App\AppTravel\.gradle\4.6\fileContent)" [_thread_blocked, id=4872, stack(0x0000000023710000,0x0000000023810000)]
  0x000000001911d800 JavaThread "Memory manager" [_thread_blocked, id=8088, stack(0x0000000022710000,0x0000000022810000)]
  0x000000001bcd0000 JavaThread "Build operations Thread 4" [_thread_blocked, id=4528, stack(0x0000000022010000,0x0000000022110000)]
  0x000000001bccf000 JavaThread "Build operations Thread 3" [_thread_blocked, id=11300, stack(0x0000000021f10000,0x0000000022010000)]
  0x000000001bcce800 JavaThread "Build operations Thread 2" [_thread_blocked, id=10500, stack(0x0000000021e10000,0x0000000021f10000)]
  0x000000001bcd2000 JavaThread "Build operations" [_thread_blocked, id=12208, stack(0x00000000206b0000,0x00000000207b0000)]
  0x000000001bccd000 JavaThread "Cache worker for Artifact transforms cache (C:\Users\Phuc Pham\.gradle\caches\transforms-1)" [_thread_blocked, id=12352, stack(0x0000000020350000,0x0000000020450000)]
  0x000000001bccd800 JavaThread "Thread-12" daemon [_thread_in_native, id=8908, stack(0x000000001ed90000,0x000000001ee90000)]
  0x000000001bccb800 JavaThread "Cache worker for file hash cache (E:\HocTap\do an cnpm\App\AppTravel\.gradle\4.6\fileHashes)" [_thread_blocked, id=1872, stack(0x000000001c9f0000,0x000000001caf0000)]
  0x0000000019f43800 JavaThread "File lock request listener" [_thread_in_native, id=13144, stack(0x000000001c8f0000,0x000000001c9f0000)]
  0x000000001a366800 JavaThread "Cache worker for file hash cache (C:\Users\Phuc Pham\.gradle\caches\4.6\fileHashes)" [_thread_blocked, id=4740, stack(0x000000001b820000,0x000000001b920000)]
  0x0000000019d51800 JavaThread "Asynchronous log dispatcher for DefaultDaemonConnection: socket connection from /127.0.0.1:62253 to /127.0.0.1:62255" [_thread_blocked, id=1564, stack(0x000000001b420000,0x000000001b520000)]
  0x0000000019bc0000 JavaThread "Daemon worker" [_thread_blocked, id=220, stack(0x000000001b320000,0x000000001b420000)]
  0x0000000019bbc800 JavaThread "Cancel handler" [_thread_blocked, id=232, stack(0x000000001b220000,0x000000001b320000)]
  0x0000000019bb6800 JavaThread "Handler for socket connection from /127.0.0.1:62253 to /127.0.0.1:62255" [_thread_in_native, id=2428, stack(0x000000001af20000,0x000000001b020000)]
  0x0000000019bff000 JavaThread "Daemon" [_thread_blocked, id=9664, stack(0x000000001ae20000,0x000000001af20000)]
  0x0000000019fd0800 JavaThread "Daemon periodic checks" [_thread_blocked, id=11708, stack(0x000000001ad20000,0x000000001ae20000)]
  0x000000001a084800 JavaThread "Incoming local TCP Connector on port 62253" [_thread_in_native, id=11308, stack(0x000000001aae0000,0x000000001abe0000)]
  0x0000000018444800 JavaThread "Service Thread" daemon [_thread_blocked, id=9776, stack(0x0000000018bd0000,0x0000000018cd0000)]
  0x0000000018440800 JavaThread "C1 CompilerThread2" daemon [_thread_in_vm, id=9224, stack(0x0000000018ad0000,0x0000000018bd0000)]
  0x0000000018432800 JavaThread "C2 CompilerThread1" daemon [_thread_in_native, id=10920, stack(0x00000000189d0000,0x0000000018ad0000)]
=>0x000000001841e000 JavaThread "C2 CompilerThread0" daemon [_thread_in_native, id=13496, stack(0x00000000188d0000,0x00000000189d0000)]
  0x0000000016d75000 JavaThread "Attach Listener" daemon [_thread_blocked, id=11060, stack(0x00000000182d0000,0x00000000183d0000)]
  0x0000000016dc5800 JavaThread "Signal Dispatcher" daemon [_thread_blocked, id=9740, stack(0x00000000181d0000,0x00000000182d0000)]
  0x0000000016d5e000 JavaThread "Finalizer" daemon [_thread_blocked, id=12696, stack(0x0000000017fe0000,0x00000000180e0000)]
  0x00000000033f4000 JavaThread "Reference Handler" daemon [_thread_blocked, id=11296, stack(0x0000000017ee0000,0x0000000017fe0000)]
  0x0000000003303800 JavaThread "main" [_thread_blocked, id=9096, stack(0x0000000003040000,0x0000000003140000)]

Other Threads:
  0x0000000016d36800 VMThread [stack: 0x0000000017de0000,0x0000000017ee0000] [id=2344]
  0x00000000184d3000 WatcherThread [stack: 0x0000000018cd0000,0x0000000018dd0000] [id=10176]

VM state:not at safepoint (normal execution)

VM Mutex/Monitor currently owned by a thread: None

Heap:
 PSYoungGen      total 213504K, used 172546K [0x00000000e0000000, 0x00000000f0e80000, 0x0000000100000000)
  eden space 178176K, 77% used [0x00000000e0000000,0x00000000e8607f98,0x00000000eae00000)
  from space 35328K, 99% used [0x00000000eec00000,0x00000000f0e78b08,0x00000000f0e80000)
  to   space 32256K, 0% used [0x00000000eae00000,0x00000000eae00000,0x00000000ecd80000)
 ParOldGen       total 117760K, used 89559K [0x00000000a0000000, 0x00000000a7300000, 0x00000000e0000000)
  object space 117760K, 76% used [0x00000000a0000000,0x00000000a5775d50,0x00000000a7300000)
 Metaspace       used 74467K, capacity 77142K, committed 77400K, reserved 1116160K
  class space    used 9718K, capacity 10302K, committed 10368K, reserved 1048576K

Card table byte_map: [0x00000000127c0000,0x0000000012ad0000] byte_map_base: 0x00000000122c0000

Marking Bits: (ParMarkBitMap*) 0x00000000563d5aa0
 Begin Bits: [0x00000000130d0000, 0x00000000148d0000)
 End Bits:   [0x00000000148d0000, 0x00000000160d0000)

Polling page: 0x0000000002f60000

CodeCache: size=245760Kb used=39463Kb max_used=39496Kb free=206297Kb
 bounds [0x0000000003400000, 0x0000000005ac0000, 0x0000000012400000]
 total_blobs=12567 nmethods=11736 adapters=742
 compilation: enabled

Compilation events (10 events):
Event: 118.588 Thread 0x0000000018440800 13581       3       java.util.concurrent.ForkJoinPool::helpStealer (394 bytes)
Event: 118.589 Thread 0x0000000018440800 nmethod 13581 0x0000000005aa5690 code [0x0000000005aa58a0, 0x0000000005aa66b8]
Event: 118.589 Thread 0x0000000018440800 13582       2       java.util.concurrent.ForkJoinPool$WorkQueue::tryUnpush (67 bytes)
Event: 118.589 Thread 0x0000000018440800 nmethod 13582 0x0000000005aa6d50 code [0x0000000005aa6ea0, 0x0000000005aa7090]
Event: 118.595 Thread 0x0000000018440800 13585 %     3       java.util.concurrent.ForkJoinPool::awaitJoin @ 45 (206 bytes)
Event: 118.596 Thread 0x0000000018440800 nmethod 13585% 0x0000000005aa7150 code [0x0000000005aa7360, 0x0000000005aa8048]
Event: 118.596 Thread 0x0000000018440800 13586       3       java.util.concurrent.ForkJoinPool::awaitJoin (206 bytes)
Event: 118.597 Thread 0x0000000018440800 nmethod 13586 0x0000000005aa8490 code [0x0000000005aa8680, 0x0000000005aa9228]
Event: 118.677 Thread 0x0000000018432800 nmethod 13454% 0x0000000005ab1b10 code [0x0000000005ab1f60, 0x0000000005ab7750]
Event: 118.677 Thread 0x0000000018432800 13573       4       com.android.tools.r8.graph.DexClass::forEachMethod (75 bytes)

GC Heap History (10 events):
Event: 45.763 GC heap before
{Heap before GC invocations=17 (full 3):
 PSYoungGen      total 168448K, used 14411K [0x00000000e0000000, 0x00000000ebc00000, 0x0000000100000000)
  eden space 147456K, 0% used [0x00000000e0000000,0x00000000e0000000,0x00000000e9000000)
  from space 20992K, 68% used [0x00000000ea500000,0x00000000eb312ca8,0x00000000eb980000)
  to   space 21504K, 0% used [0x00000000e9000000,0x00000000e9000000,0x00000000ea500000)
 ParOldGen       total 75776K, used 32782K [0x00000000a0000000, 0x00000000a4a00000, 0x00000000e0000000)
  object space 75776K, 43% used [0x00000000a0000000,0x00000000a2003b30,0x00000000a4a00000)
 Metaspace       used 57412K, capacity 58992K, committed 59028K, reserved 1099776K
  class space    used 7761K, capacity 8157K, committed 8192K, reserved 1048576K
Event: 46.015 GC heap after
Heap after GC invocations=17 (full 3):
 PSYoungGen      total 168448K, used 0K [0x00000000e0000000, 0x00000000ebc00000, 0x0000000100000000)
  eden space 147456K, 0% used [0x00000000e0000000,0x00000000e0000000,0x00000000e9000000)
  from space 20992K, 0% used [0x00000000ea500000,0x00000000ea500000,0x00000000eb980000)
  to   space 21504K, 0% used [0x00000000e9000000,0x00000000e9000000,0x00000000ea500000)
 ParOldGen       total 117760K, used 37285K [0x00000000a0000000, 0x00000000a7300000, 0x00000000e0000000)
  object space 117760K, 31% used [0x00000000a0000000,0x00000000a24697b8,0x00000000a7300000)
 Metaspace       used 57412K, capacity 58992K, committed 59028K, reserved 1099776K
  class space    used 7761K, capacity 8157K, committed 8192K, reserved 1048576K
}
Event: 98.011 GC heap before
{Heap before GC invocations=18 (full 3):
 PSYoungGen      total 168448K, used 147456K [0x00000000e0000000, 0x00000000ebc00000, 0x0000000100000000)
  eden space 147456K, 100% used [0x00000000e0000000,0x00000000e9000000,0x00000000e9000000)
  from space 20992K, 0% used [0x00000000ea500000,0x00000000ea500000,0x00000000eb980000)
  to   space 21504K, 0% used [0x00000000e9000000,0x00000000e9000000,0x00000000ea500000)
 ParOldGen       total 117760K, used 37285K [0x00000000a0000000, 0x00000000a7300000, 0x00000000e0000000)
  object space 117760K, 31% used [0x00000000a0000000,0x00000000a24697b8,0x00000000a7300000)
 Metaspace       used 63545K, capacity 65318K, committed 65496K, reserved 1105920K
  class space    used 8436K, capacity 8914K, committed 8960K, reserved 1048576K
Event: 98.043 GC heap after
Heap after GC invocations=18 (full 3):
 PSYoungGen      total 168960K, used 21484K [0x00000000e0000000, 0x00000000ee800000, 0x0000000100000000)
  eden space 147456K, 0% used [0x00000000e0000000,0x00000000e0000000,0x00000000e9000000)
  from space 21504K, 99% used [0x00000000e9000000,0x00000000ea4fb140,0x00000000ea500000)
  to   space 27136K, 0% used [0x00000000ecd80000,0x00000000ecd80000,0x00000000ee800000)
 ParOldGen       total 117760K, used 43906K [0x00000000a0000000, 0x00000000a7300000, 0x00000000e0000000)
  object space 117760K, 37% used [0x00000000a0000000,0x00000000a2ae0a38,0x00000000a7300000)
 Metaspace       used 63545K, capacity 65318K, committed 65496K, reserved 1105920K
  class space    used 8436K, capacity 8914K, committed 8960K, reserved 1048576K
}
Event: 110.432 GC heap before
{Heap before GC invocations=19 (full 3):
 PSYoungGen      total 168960K, used 168940K [0x00000000e0000000, 0x00000000ee800000, 0x0000000100000000)
  eden space 147456K, 100% used [0x00000000e0000000,0x00000000e9000000,0x00000000e9000000)
  from space 21504K, 99% used [0x00000000e9000000,0x00000000ea4fb140,0x00000000ea500000)
  to   space 27136K, 0% used [0x00000000ecd80000,0x00000000ecd80000,0x00000000ee800000)
 ParOldGen       total 117760K, used 43906K [0x00000000a0000000, 0x00000000a7300000, 0x00000000e0000000)
  object space 117760K, 37% used [0x00000000a0000000,0x00000000a2ae0a38,0x00000000a7300000)
 Metaspace       used 71709K, capacity 73822K, committed 73944K, reserved 1114112K
  class space    used 9409K, capacity 9904K, committed 9984K, reserved 1048576K
Event: 110.466 GC heap after
Heap after GC invocations=19 (full 3):
 PSYoungGen      total 205312K, used 27107K [0x00000000e0000000, 0x00000000eef00000, 0x0000000100000000)
  eden space 178176K, 0% used [0x00000000e0000000,0x00000000e0000000,0x00000000eae00000)
  from space 27136K, 99% used [0x00000000ecd80000,0x00000000ee7f8f90,0x00000000ee800000)
  to   space 32256K, 0% used [0x00000000eae00000,0x00000000eae00000,0x00000000ecd80000)
 ParOldGen       total 117760K, used 46143K [0x00000000a0000000, 0x00000000a7300000, 0x00000000e0000000)
  object space 117760K, 39% used [0x00000000a0000000,0x00000000a2d0fc38,0x00000000a7300000)
 Metaspace       used 71709K, capacity 73822K, committed 73944K, reserved 1114112K
  class space    used 9409K, capacity 9904K, committed 9984K, reserved 1048576K
}
Event: 115.314 GC heap before
{Heap before GC invocations=20 (full 3):
 PSYoungGen      total 205312K, used 205283K [0x00000000e0000000, 0x00000000eef00000, 0x0000000100000000)
  eden space 178176K, 100% used [0x00000000e0000000,0x00000000eae00000,0x00000000eae00000)
  from space 27136K, 99% used [0x00000000ecd80000,0x00000000ee7f8f90,0x00000000ee800000)
  to   space 32256K, 0% used [0x00000000eae00000,0x00000000eae00000,0x00000000ecd80000)
 ParOldGen       total 117760K, used 46143K [0x00000000a0000000, 0x00000000a7300000, 0x00000000e0000000)
  object space 117760K, 39% used [0x00000000a0000000,0x00000000a2d0fc38,0x00000000a7300000)
 Metaspace       used 73371K, capacity 75886K, committed 76248K, reserved 1116160K
  class space    used 9586K, capacity 10142K, committed 10240K, reserved 1048576K
Event: 115.346 GC heap after
Heap after GC invocations=20 (full 3):
 PSYoungGen      total 210432K, used 27983K [0x00000000e0000000, 0x00000000f0e80000, 0x0000000100000000)
  eden space 178176K, 0% used [0x00000000e0000000,0x00000000e0000000,0x00000000eae00000)
  from space 32256K, 86% used [0x00000000eae00000,0x00000000ec953e48,0x00000000ecd80000)
  to   space 35328K, 0% used [0x00000000eec00000,0x00000000eec00000,0x00000000f0e80000)
 ParOldGen       total 117760K, used 57377K [0x00000000a0000000, 0x00000000a7300000, 0x00000000e0000000)
  object space 117760K, 48% used [0x00000000a0000000,0x00000000a3808590,0x00000000a7300000)
 Metaspace       used 73371K, capacity 75886K, committed 76248K, reserved 1116160K
  class space    used 9586K, capacity 10142K, committed 10240K, reserved 1048576K
}
Event: 117.137 GC heap before
{Heap before GC invocations=21 (full 3):
 PSYoungGen      total 210432K, used 206159K [0x00000000e0000000, 0x00000000f0e80000, 0x0000000100000000)
  eden space 178176K, 100% used [0x00000000e0000000,0x00000000eae00000,0x00000000eae00000)
  from space 32256K, 86% used [0x00000000eae00000,0x00000000ec953e48,0x00000000ecd80000)
  to   space 35328K, 0% used [0x00000000eec00000,0x00000000eec00000,0x00000000f0e80000)
 ParOldGen       total 117760K, used 57377K [0x00000000a0000000, 0x00000000a7300000, 0x00000000e0000000)
  object space 117760K, 48% used [0x00000000a0000000,0x00000000a3808590,0x00000000a7300000)
 Metaspace       used 74303K, capacity 76902K, committed 77144K, reserved 1116160K
  class space    used 9708K, capacity 10292K, committed 10368K, reserved 1048576K
Event: 117.225 GC heap after
Heap after GC invocations=21 (full 3):
 PSYoungGen      total 213504K, used 35298K [0x00000000e0000000, 0x00000000f0e80000, 0x0000000100000000)
  eden space 178176K, 0% used [0x00000000e0000000,0x00000000e0000000,0x00000000eae00000)
  from space 35328K, 99% used [0x00000000eec00000,0x00000000f0e78b08,0x00000000f0e80000)
  to   space 32256K, 0% used [0x00000000eae00000,0x00000000eae00000,0x00000000ecd80000)
 ParOldGen       total 117760K, used 89559K [0x00000000a0000000, 0x00000000a7300000, 0x00000000e0000000)
  object space 117760K, 76% used [0x00000000a0000000,0x00000000a5775d50,0x00000000a7300000)
 Metaspace       used 74303K, capacity 76902K, committed 77144K, reserved 1116160K
  class space    used 9708K, capacity 10292K, committed 10368K, reserved 1048576K
}

Deoptimization events (10 events):
Event: 117.861 Thread 0x000000001911d000 Uncommon trap: reason=class_check action=maybe_recompile pc=0x000000000594548c method=java.util.stream.AbstractPipeline.wrapAndCopyInto(Ljava/util/stream/Sink;Ljava/util/Spliterator;)Ljava/util/stream/Sink; @ 6
Event: 117.861 Thread 0x000000001911d000 Uncommon trap: reason=class_check action=maybe_recompile pc=0x000000000594548c method=java.util.stream.AbstractPipeline.wrapAndCopyInto(Ljava/util/stream/Sink;Ljava/util/Spliterator;)Ljava/util/stream/Sink; @ 6
Event: 117.958 Thread 0x000000001911d000 Uncommon trap: reason=unstable_if action=reinterpret pc=0x00000000059d0ad0 method=org.gradle.api.internal.file.collections.jdk7.Jdk7DirectoryWalker$1.visitFile(Ljava/nio/file/Path;Ljava/nio/file/attribute/BasicFileAttributes;)Ljava/nio/file/FileVisitResul
Event: 117.964 Thread 0x000000001911d000 Uncommon trap: reason=class_check action=maybe_recompile pc=0x000000000594548c method=java.util.stream.AbstractPipeline.wrapAndCopyInto(Ljava/util/stream/Sink;Ljava/util/Spliterator;)Ljava/util/stream/Sink; @ 6
Event: 118.014 Thread 0x000000001911d000 Uncommon trap: reason=unstable_if action=reinterpret pc=0x00000000036973b0 method=java.io.WinNTFileSystem.resolve(Ljava/lang/String;Ljava/lang/String;)Ljava/lang/String; @ 36
Event: 118.122 Thread 0x000000001bd93000 Uncommon trap: reason=class_check action=maybe_recompile pc=0x0000000004b5b764 method=java.util.Spliterators$1Adapter.hasNext()Z @ 12
Event: 118.123 Thread 0x000000001bd93000 Uncommon trap: reason=class_check action=maybe_recompile pc=0x0000000004b5b764 method=java.util.Spliterators$1Adapter.hasNext()Z @ 12
Event: 118.124 Thread 0x000000001bd93000 Uncommon trap: reason=class_check action=maybe_recompile pc=0x0000000004b5b764 method=java.util.Spliterators$1Adapter.hasNext()Z @ 12
Event: 118.124 Thread 0x000000001bd93000 Uncommon trap: reason=class_check action=maybe_recompile pc=0x0000000004b5b764 method=java.util.Spliterators$1Adapter.hasNext()Z @ 12
Event: 118.447 Thread 0x000000001bd91800 Uncommon trap: reason=unloaded action=reinterpret pc=0x00000000058a93e4 method=com.android.tools.r8.code.BaseInstructionFactory.create(IILcom/android/tools/r8/code/BytecodeStream;Lcom/android/tools/r8/graph/OffsetToObjectMapping;)Lcom/android/tools/r8/cod

Classes redefined (0 events):
No events

Internal exceptions (10 events):
Event: 114.057 Thread 0x000000001911d000 Exception <a 'sun/nio/fs/WindowsException'> (0x00000000e79d70f0) thrown at [D:\src\AOSP-openjdk-cygwin\jdk8u\hotspot\src\share\vm\prims\jni.cpp, line 709]
Event: 114.389 Thread 0x000000001911d000 Implicit null exception at 0x0000000004b0a5d0 to 0x0000000004b0b35d
Event: 115.164 Thread 0x000000001911d000 Exception <a 'sun/nio/fs/WindowsException'> (0x00000000e952a008) thrown at [D:\src\AOSP-openjdk-cygwin\jdk8u\hotspot\src\share\vm\prims\jni.cpp, line 709]
Event: 115.490 Thread 0x0000000019127800 Implicit null exception at 0x0000000003f5b7af to 0x0000000003f5b89d
Event: 115.490 Thread 0x0000000019129800 Implicit null exception at 0x0000000003f5b7af to 0x0000000003f5b89d
Event: 115.490 Thread 0x000000001bd94800 Implicit null exception at 0x0000000003f5b7af to 0x0000000003f5b89d
Event: 115.490 Thread 0x0000000019126800 Implicit null exception at 0x0000000003f5b7af to 0x0000000003f5b89d
Event: 116.828 Thread 0x0000000019129800 Implicit null exception at 0x00000000057d000f to 0x00000000057d018d
Event: 117.755 Thread 0x0000000019129800 Exception <a 'sun/nio/fs/WindowsException'> (0x00000000e11fd908) thrown at [D:\src\AOSP-openjdk-cygwin\jdk8u\hotspot\src\share\vm\prims\jni.cpp, line 709]
Event: 118.182 Thread 0x000000001bd93000 Exception <a 'sun/nio/fs/WindowsException'> (0x00000000e1bafc78) thrown at [D:\src\AOSP-openjdk-cygwin\jdk8u\hotspot\src\share\vm\prims\jni.cpp, line 709]

Events (10 events):
Event: 118.586 Thread 0x000000001bd93000 DEOPT PACKING pc=0x0000000005a9f92f sp=0x0000000026e5ea30
Event: 118.586 Thread 0x000000001bd93000 DEOPT UNPACKING pc=0x00000000034475d0 sp=0x0000000026e5e750 mode 0
Event: 118.587 Thread 0x000000001bd93000 DEOPT PACKING pc=0x0000000005a9f92f sp=0x0000000026e5ea30
Event: 118.587 Thread 0x000000001bd93000 DEOPT UNPACKING pc=0x00000000034475d0 sp=0x0000000026e5e750 mode 0
Event: 118.587 Thread 0x000000001bd93000 DEOPT PACKING pc=0x0000000005aa06f7 sp=0x0000000026e5ea30
Event: 118.587 Thread 0x000000001bd93000 DEOPT UNPACKING pc=0x00000000034475d0 sp=0x0000000026e5e740 mode 0
Event: 118.590 Executing VM operation: RevokeBias
Event: 118.594 Executing VM operation: RevokeBias done
Event: 118.597 Thread 0x000000001bd93000 DEOPT PACKING pc=0x0000000005aa1408 sp=0x0000000026e5eae0
Event: 118.597 Thread 0x000000001bd93000 DEOPT UNPACKING pc=0x00000000034475d0 sp=0x0000000026e5e830 mode 0


Dynamic libraries:
0x00007ff6d95a0000 - 0x00007ff6d95d1000 	C:\Program Files\Android\Android Studio\jre\bin\java.exe
0x00007fffe4180000 - 0x00007fffe4361000 	C:\WINDOWS\SYSTEM32\ntdll.dll
0x00007fffe17e0000 - 0x00007fffe1892000 	C:\WINDOWS\System32\KERNEL32.DLL
0x00007fffe06f0000 - 0x00007fffe0963000 	C:\WINDOWS\System32\KERNELBASE.dll
0x00007fffe18c0000 - 0x00007fffe1961000 	C:\WINDOWS\System32\ADVAPI32.dll
0x00007fffe3cd0000 - 0x00007fffe3d6e000 	C:\WINDOWS\System32\msvcrt.dll
0x00007fffe3e60000 - 0x00007fffe3ebb000 	C:\WINDOWS\System32\sechost.dll
0x00007fffe1980000 - 0x00007fffe1aa4000 	C:\WINDOWS\System32\RPCRT4.dll
0x00007fffe1c30000 - 0x00007fffe1dc0000 	C:\WINDOWS\System32\USER32.dll
0x00007fffe0b00000 - 0x00007fffe0b20000 	C:\WINDOWS\System32\win32u.dll
0x00007fffe1610000 - 0x00007fffe1638000 	C:\WINDOWS\System32\GDI32.dll
0x00007fffe0b20000 - 0x00007fffe0cb2000 	C:\WINDOWS\System32\gdi32full.dll
0x00007fffe0650000 - 0x00007fffe06ef000 	C:\WINDOWS\System32\msvcp_win.dll
0x00007fffe0550000 - 0x00007fffe064a000 	C:\WINDOWS\System32\ucrtbase.dll
0x00007fffd9810000 - 0x00007fffd9a79000 	C:\WINDOWS\WinSxS\amd64_microsoft.windows.common-controls_6595b64144ccf1df_6.0.17134.345_none_fb429a5930656358\COMCTL32.dll
0x00007fffe1dd0000 - 0x00007fffe20f3000 	C:\WINDOWS\System32\combase.dll
0x00007fffe0970000 - 0x00007fffe09ea000 	C:\WINDOWS\System32\bcryptPrimitives.dll
0x00007fffe3740000 - 0x00007fffe376d000 	C:\WINDOWS\System32\IMM32.DLL
0x0000000055b30000 - 0x0000000055c02000 	C:\Program Files\Android\Android Studio\jre\jre\bin\msvcr100.dll
0x0000000055c10000 - 0x0000000056451000 	C:\Program Files\Android\Android Studio\jre\jre\bin\server\jvm.dll
0x00007fffe1dc0000 - 0x00007fffe1dc8000 	C:\WINDOWS\System32\PSAPI.DLL
0x00007fffdb130000 - 0x00007fffdb153000 	C:\WINDOWS\SYSTEM32\WINMM.dll
0x00007fffcc910000 - 0x00007fffcc919000 	C:\WINDOWS\SYSTEM32\WSOCK32.dll
0x00007fffe36d0000 - 0x00007fffe373c000 	C:\WINDOWS\System32\WS2_32.dll
0x00007fffdae70000 - 0x00007fffdae7a000 	C:\WINDOWS\SYSTEM32\VERSION.dll
0x00007fffdaf50000 - 0x00007fffdaf7a000 	C:\WINDOWS\SYSTEM32\winmmbase.dll
0x00007fffe15c0000 - 0x00007fffe1609000 	C:\WINDOWS\System32\cfgmgr32.dll
0x00007fffdcb10000 - 0x00007fffdcb1f000 	C:\Program Files\Android\Android Studio\jre\jre\bin\verify.dll
0x00007fffd3730000 - 0x00007fffd3759000 	C:\Program Files\Android\Android Studio\jre\jre\bin\java.dll
0x00007fffd3700000 - 0x00007fffd3723000 	C:\Program Files\Android\Android Studio\jre\jre\bin\instrument.dll
0x00007fffd9490000 - 0x00007fffd94a6000 	C:\Program Files\Android\Android Studio\jre\jre\bin\zip.dll
0x00007fffe2100000 - 0x00007fffe353f000 	C:\WINDOWS\System32\SHELL32.dll
0x00007fffe3770000 - 0x00007fffe3819000 	C:\WINDOWS\System32\shcore.dll
0x00007fffe0eb0000 - 0x00007fffe15bd000 	C:\WINDOWS\System32\windows.storage.dll
0x00007fffe3670000 - 0x00007fffe36c1000 	C:\WINDOWS\System32\shlwapi.dll
0x00007fffe0520000 - 0x00007fffe0531000 	C:\WINDOWS\System32\kernel.appcore.dll
0x00007fffe0500000 - 0x00007fffe051f000 	C:\WINDOWS\System32\profapi.dll
0x00007fffe04b0000 - 0x00007fffe04fc000 	C:\WINDOWS\System32\powrprof.dll
0x00007fffe0540000 - 0x00007fffe054a000 	C:\WINDOWS\System32\FLTLIB.DLL
0x00007fffd9090000 - 0x00007fffd90aa000 	C:\Program Files\Android\Android Studio\jre\jre\bin\net.dll
0x00007fffdf9b0000 - 0x00007fffdfa16000 	C:\WINDOWS\system32\mswsock.dll
0x00007fffd7590000 - 0x00007fffd75a1000 	C:\Program Files\Android\Android Studio\jre\jre\bin\nio.dll
0x00007fffd77f0000 - 0x00007fffd780e000 	C:\Users\Phuc Pham\.gradle\native\25\windows-amd64\native-platform.dll
0x00007fffdc420000 - 0x00007fffdc42d000 	C:\Program Files\Android\Android Studio\jre\jre\bin\management.dll
0x00007fffdfe50000 - 0x00007fffdfe67000 	C:\WINDOWS\SYSTEM32\CRYPTSP.dll
0x00007fffdf590000 - 0x00007fffdf5c3000 	C:\WINDOWS\system32\rsaenh.dll
0x00007fffdfe20000 - 0x00007fffdfe45000 	C:\WINDOWS\SYSTEM32\bcrypt.dll
0x00007fffe0390000 - 0x00007fffe03b8000 	C:\WINDOWS\SYSTEM32\USERENV.dll
0x00007fffdfb60000 - 0x00007fffdfb6b000 	C:\WINDOWS\SYSTEM32\CRYPTBASE.dll
0x00007fffdf730000 - 0x00007fffdf768000 	C:\WINDOWS\SYSTEM32\IPHLPAPI.DLL
0x00007fffe3540000 - 0x00007fffe3548000 	C:\WINDOWS\System32\NSI.dll
0x00007fffd9030000 - 0x00007fffd9046000 	C:\WINDOWS\SYSTEM32\dhcpcsvc6.DLL
0x00007fffd9010000 - 0x00007fffd902a000 	C:\WINDOWS\SYSTEM32\dhcpcsvc.DLL
0x00007fffdf770000 - 0x00007fffdf82e000 	C:\WINDOWS\SYSTEM32\DNSAPI.dll
0x0000000057be0000 - 0x0000000057c06000 	C:\Program Files\Bonjour\mdnsNSP.dll
0x00007fffd0780000 - 0x00007fffd078a000 	C:\Windows\System32\rasadhlp.dll
0x00007fffd0880000 - 0x00007fffd08f2000 	C:\WINDOWS\System32\fwpuclnt.dll
0x00007fffdf1f0000 - 0x00007fffdf221000 	C:\WINDOWS\SYSTEM32\ntmarta.dll

VM Arguments:
jvm_args: -javaagent:C:\Program Files\LogiGear\TestArchitect\binclient\agents\java\lib\ext\TAJavaLoader.jar -Xmx1536m -Dfile.encoding=windows-1258 -Duser.country=US -Duser.language=en -Duser.variant 
java_command: org.gradle.launcher.daemon.bootstrap.GradleDaemon 4.6
java_class_path (initial): C:\Users\Phuc Pham\.gradle\wrapper\dists\gradle-4.6-all\bcst21l2brirad8k2ben1letg\gradle-4.6\lib\gradle-launcher-4.6.jar;C:\Program Files\LogiGear\TestArchitect\binclient\agents\java\lib\ext\TAJavaLoader.jar
Launcher Type: SUN_STANDARD

Environment Variables:
JAVA_TOOL_OPTIONS=-javaagent:"C:\Program Files\LogiGear\TestArchitect\binclient\agents\java\lib\ext\TAJavaLoader.jar"
PATH=C:\ProgramData\Oracle\Java\javapath;C:\Program Files (x86)\Java\jre1.8.0_65\bin;C:\Program Files\Java\jdk1.8.0_65\bin;C:\Users\Phuc Pham\.dnx\bin;C:\Program Files\Microsoft DNX\Dnvm\;C:\WINDOWS\system32;C:\WINDOWS;C:\WINDOWS\System32\Wbem;C:\WINDOWS\System32\WindowsPowerShell\v1.0\;C:\Program Files (x86)\Windows Kits\8.1\Windows Performance Toolkit\;C:\Program Files\MATLAB\MATLAB Compiler Runtime\v83\runtime\win64;D:\tool\runtime\win64;D:\tool\bin;D:\tool\polyspace\bin;C:\Program Files\Microsoft SQL Server\Client SDK\ODBC\110\Tools\Binn\;C:\Program Files (x86)\Microsoft SQL Server\120\Tools\Binn\;C:\Program Files\Microsoft SQL Server\120\Tools\Binn\;C:\Program Files\Microsoft SQL Server\120\DTS\Binn\;C:\Program Files (x86)\Microsoft SQL Server\120\Tools\Binn\ManagementStudio\;C:\Program Files (x86)\Microsoft SQL Server\120\DTS\Binn\;C:\Program Files\nodejs\;D:\GIT\Git\cmd;C:\HashiCorp\Vagrant\bin;C:\WINDOWS\System32\OpenSSH\;C:\Program Files\LogiGear\TestArchitect\binclient;C:\Users\Phuc Pham\AppData\Local\Programs\Python\Python37-32\Scripts\;C:\Users\Phuc Pham\AppData\Local\Programs\Python\Python37-32\;C:\Users\Phuc Pham\AppData\Local\Microsoft\WindowsApps;C:\Users\Phuc Pham\AppData\Roaming\npm;C:\Program Files\LogiGear\TestArchitect\binclient
USERNAME=Phuc Pham
OS=Windows_NT
PROCESSOR_IDENTIFIER=Intel64 Family 6 Model 60 Stepping 3, GenuineIntel



---------------  S Y S T E M  ---------------

OS: Windows 10.0 , 64 bit Build 17134 (10.0.17134.1)

CPU:total 4 (initial active 4) (2 cores per cpu, 2 threads per core) family 6 model 60 stepping 3, cmov, cx8, fxsr, mmx, sse, sse2, sse3, ssse3, sse4.1, sse4.2, popcnt, avx, avx2, aes, clmul, erms, lzcnt, ht, tsc, tscinvbit, bmi1, bmi2

Memory: 4k page, physical 6171668k(401632k free), swap 10267668k(3308k free)

vm_info: OpenJDK 64-Bit Server VM (25.152-b06) for windows-amd64 JRE (1.8.0_152-release-1136-b06), built by "builder" with MS VC++ 10.0 (VS2010)

time: Sun Oct 28 16:34:29 2018
elapsed time: 118 seconds (0d 0h 1m 58s)

