#
# There is insufficient memory for the Java Runtime Environment to continue.
# Native memory allocation (malloc) failed to allocate 32744 bytes for ChunkPool::allocate
# Possible reasons:
#   The system is out of physical RAM or swap space
#   In 32 bit mode, the process size limit was hit
# Possible solutions:
#   Reduce memory load on the system
#   Increase physical memory or swap space
#   Check if swap backing store is full
#   Use 64 bit Java on a 64 bit OS
#   Decrease Java heap size (-Xmx/-Xms)
#   Decrease number of Java threads
#   Decrease Java thread stack sizes (-Xss)
#   Set larger code cache with -XX:ReservedCodeCacheSize=
# This output file may be truncated or incomplete.
#
#  Out of Memory Error (allocation.cpp:273), pid=1160, tid=0x000000000000340c
#
# JRE version: OpenJDK Runtime Environment (8.0_152-b06) (build 1.8.0_152-release-1136-b06)
# Java VM: OpenJDK 64-Bit Server VM (25.152-b06 mixed mode windows-amd64 compressed oops)
# Failed to write core dump. Minidumps are not enabled by default on client versions of Windows
#

---------------  T H R E A D  ---------------

Current thread (0x0000000017ad0000):  JavaThread "C2 CompilerThread0" daemon [_thread_in_native, id=13324, stack(0x0000000017f70000,0x0000000018070000)]

Stack: [0x0000000017f70000,0x0000000018070000]
[error occurred during error reporting (printing stack bounds), id 0xc0000005]

Native frames: (J=compiled Java code, j=interpreted, Vv=VM code, C=native code)


Current CompileTask:
C2: 681783 14099       4       com.android.tools.r8.code.BaseInstructionFactory::create (3362 bytes)


---------------  P R O C E S S  ---------------

Java Threads: ( => current thread )
  0x000000001ef08000 JavaThread "ForkJoinPool-14-worker-0" daemon [_thread_blocked, id=8256, stack(0x0000000028940000,0x0000000028a40000)]
  0x000000001ef0f000 JavaThread "ForkJoinPool-14-worker-3" daemon [_thread_in_Java, id=13852, stack(0x0000000028840000,0x0000000028940000)]
  0x000000001ef0c000 JavaThread "ForkJoinPool-14-worker-2" daemon [_thread_blocked, id=11112, stack(0x0000000028740000,0x0000000028840000)]
  0x000000001ef0a800 JavaThread "ForkJoinPool-14-worker-1" daemon [_thread_blocked, id=6516, stack(0x0000000028640000,0x0000000028740000)]
  0x000000001ef07800 JavaThread "ForkJoinPool.commonPool-worker-0" daemon [_thread_blocked, id=11736, stack(0x0000000028540000,0x0000000028640000)]
  0x0000000019b4d000 JavaThread "Cache worker for Java compile cache (E:\HocTap\do an cnpm\App\AppTravel\.gradle\4.6\javaCompile)" [_thread_blocked, id=1104, stack(0x0000000028240000,0x0000000028340000)]
  0x0000000019b4c000 JavaThread "Task worker for ':' Thread 3" [_thread_blocked, id=7740, stack(0x0000000028140000,0x0000000028240000)]
  0x0000000019b4e800 JavaThread "Task worker for ':' Thread 2" [_thread_blocked, id=13792, stack(0x0000000028040000,0x0000000028140000)]
  0x0000000019b53000 JavaThread "Task worker for ':'" [_thread_blocked, id=12668, stack(0x0000000027f40000,0x0000000028040000)]
  0x0000000019b52000 JavaThread "Cache worker for Build Output Cleanup Cache (E:\HocTap\do an cnpm\App\AppTravel\.gradle\buildOutputCleanup)" [_thread_blocked, id=13344, stack(0x0000000027e40000,0x0000000027f40000)]
  0x0000000019b4f000 JavaThread "Cache worker for task history cache (E:\HocTap\do an cnpm\App\AppTravel\.gradle\4.6\taskHistory)" [_thread_blocked, id=3832, stack(0x0000000027d40000,0x0000000027e40000)]
  0x0000000019b4d800 JavaThread "Cache worker for file content cache (E:\HocTap\do an cnpm\App\AppTravel\.gradle\4.6\fileContent)" [_thread_blocked, id=13204, stack(0x0000000027c40000,0x0000000027d40000)]
  0x0000000019b50800 JavaThread "Build operations Thread 4" [_thread_blocked, id=3392, stack(0x0000000027b40000,0x0000000027c40000)]
  0x0000000019b4a800 JavaThread "Build operations Thread 3" [_thread_blocked, id=1824, stack(0x0000000027a40000,0x0000000027b40000)]
  0x0000000019b47000 JavaThread "Build operations Thread 2" [_thread_blocked, id=9668, stack(0x0000000027940000,0x0000000027a40000)]
  0x0000000019b48800 JavaThread "Build operations" [_thread_blocked, id=11536, stack(0x0000000027840000,0x0000000027940000)]
  0x0000000019b4b800 JavaThread "Cache worker for Artifact transforms cache (C:\Users\Phuc Pham\.gradle\caches\transforms-1)" [_thread_blocked, id=8708, stack(0x0000000027740000,0x0000000027840000)]
  0x0000000019b46000 JavaThread "Cache worker for file hash cache (E:\HocTap\do an cnpm\App\AppTravel\.gradle\4.6\fileHashes)" [_thread_blocked, id=10168, stack(0x0000000027640000,0x0000000027740000)]
  0x0000000019b47800 JavaThread "Stdin handler" [_thread_blocked, id=5280, stack(0x0000000027540000,0x0000000027640000)]
  0x0000000019990800 JavaThread "Asynchronous log dispatcher for DefaultDaemonConnection: socket connection from /127.0.0.1:64400 to /127.0.0.1:49328" [_thread_blocked, id=11556, stack(0x0000000027440000,0x0000000027540000)]
  0x000000001998f000 JavaThread "Daemon worker Thread 3" [_thread_blocked, id=10368, stack(0x0000000027340000,0x0000000027440000)]
  0x0000000019992000 JavaThread "Cancel handler" [_thread_blocked, id=14196, stack(0x0000000027240000,0x0000000027340000)]
  0x000000001998e800 JavaThread "Handler for socket connection from /127.0.0.1:64400 to /127.0.0.1:49328" [_thread_in_native, id=12068, stack(0x0000000027140000,0x0000000027240000)]
  0x0000000019993800 JavaThread "Daemon Thread 3" [_thread_blocked, id=3468, stack(0x0000000027040000,0x0000000027140000)]
  0x0000000019b4a000 JavaThread "pool-1-thread-1" [_thread_blocked, id=12164, stack(0x0000000025c40000,0x0000000025d40000)]
  0x0000000019991800 JavaThread "Memory manager" [_thread_blocked, id=11104, stack(0x00000000218a0000,0x00000000219a0000)]
  0x0000000019993000 JavaThread "Thread-12" daemon [_thread_in_native, id=8496, stack(0x000000001e830000,0x000000001e930000)]
  0x000000001b2c5800 JavaThread "File lock request listener" [_thread_in_native, id=13480, stack(0x000000001bf90000,0x000000001c090000)]
  0x00000000199d6800 JavaThread "Cache worker for file hash cache (C:\Users\Phuc Pham\.gradle\caches\4.6\fileHashes)" [_thread_blocked, id=9776, stack(0x000000001be90000,0x000000001bf90000)]
  0x00000000193df800 JavaThread "Daemon periodic checks" [_thread_blocked, id=11816, stack(0x000000001a3c0000,0x000000001a4c0000)]
  0x00000000193de800 JavaThread "Incoming local TCP Connector on port 64400" [_thread_in_native, id=10680, stack(0x000000001a180000,0x000000001a280000)]
  0x0000000017b74000 JavaThread "Service Thread" daemon [_thread_blocked, id=11124, stack(0x0000000018270000,0x0000000018370000)]
  0x0000000017aec800 JavaThread "C1 CompilerThread2" daemon [_thread_in_native, id=624, stack(0x0000000018170000,0x0000000018270000)]
  0x0000000017ad3000 JavaThread "C2 CompilerThread1" daemon [_thread_in_native, id=5512, stack(0x0000000018070000,0x0000000018170000)]
=>0x0000000017ad0000 JavaThread "C2 CompilerThread0" daemon [_thread_in_native, id=13324, stack(0x0000000017f70000,0x0000000018070000)]
  0x0000000016405000 JavaThread "Attach Listener" daemon [_thread_blocked, id=11052, stack(0x0000000017970000,0x0000000017a70000)]
  0x0000000016455800 JavaThread "Signal Dispatcher" daemon [_thread_blocked, id=7236, stack(0x0000000017870000,0x0000000017970000)]
  0x00000000163ee000 JavaThread "Finalizer" daemon [_thread_blocked, id=6384, stack(0x0000000017680000,0x0000000017780000)]
  0x0000000002a84000 JavaThread "Reference Handler" daemon [_thread_blocked, id=12436, stack(0x0000000017580000,0x0000000017680000)]
  0x0000000002993800 JavaThread "main" [_thread_blocked, id=14212, stack(0x0000000002630000,0x0000000002730000)]

Other Threads:
  0x00000000163c6800 VMThread [stack: 0x0000000017480000,0x0000000017580000] [id=5588]
  0x0000000017b7a000 WatcherThread [stack: 0x0000000018370000,0x0000000018470000] [id=11692]

VM state:not at safepoint (normal execution)

VM Mutex/Monitor currently owned by a thread: None

Heap:
 PSYoungGen      total 365568K, used 59850K [0x00000000e0000000, 0x00000000f9d80000, 0x0000000100000000)
  eden space 328704K, 6% used [0x00000000e0000000,0x00000000e16758a8,0x00000000f4100000)
  from space 36864K, 99% used [0x00000000f6d80000,0x00000000f917d140,0x00000000f9180000)
  to   space 45568K, 0% used [0x00000000f4100000,0x00000000f4100000,0x00000000f6d80000)
 ParOldGen       total 158208K, used 61552K [0x00000000a0000000, 0x00000000a9a80000, 0x00000000e0000000)
  object space 158208K, 38% used [0x00000000a0000000,0x00000000a3c1c358,0x00000000a9a80000)
 Metaspace       used 77781K, capacity 80632K, committed 80856K, reserved 1120256K
  class space    used 10114K, capacity 10693K, committed 10752K, reserved 1048576K

Card table byte_map: [0x0000000011e50000,0x0000000012160000] byte_map_base: 0x0000000011950000

Marking Bits: (ParMarkBitMap*) 0x00000000563d5aa0
 Begin Bits: [0x0000000012760000, 0x0000000013f60000)
 End Bits:   [0x0000000013f60000, 0x0000000015760000)

Polling page: 0x0000000000820000

CodeCache: size=245760Kb used=39086Kb max_used=39771Kb free=206674Kb
 bounds [0x0000000002a90000, 0x00000000051a0000, 0x0000000011a90000]
 total_blobs=12773 nmethods=11929 adapters=756
 compilation: enabled

Compilation events (10 events):
Event: 681.683 Thread 0x0000000017aec800 14158       2       com.android.tools.r8.code.MulDouble::<init> (7 bytes)
Event: 681.684 Thread 0x0000000017aec800 nmethod 14158 0x0000000002ec2850 code [0x0000000002ec29c0, 0x0000000002ec2c58]
Event: 681.684 Thread 0x0000000017aec800 14159       2       com.android.tools.r8.code.IfGt::<init> (7 bytes)
Event: 681.685 Thread 0x0000000017aec800 nmethod 14159 0x000000000331dd10 code [0x000000000331de80, 0x000000000331e0a8]
Event: 681.715 Thread 0x0000000017aec800 14161       2       com.android.tools.r8.code.NegInt::<init> (7 bytes)
Event: 681.716 Thread 0x0000000017aec800 nmethod 14161 0x0000000003349a90 code [0x0000000003349be0, 0x0000000003349d90]
Event: 681.723 Thread 0x0000000017aec800 14162       2       com.android.tools.r8.code.IgetWide::<init> (11 bytes)
Event: 681.724 Thread 0x0000000017aec800 nmethod 14162 0x000000000357ced0 code [0x000000000357d040, 0x000000000357d1a8]
Event: 681.726 Thread 0x0000000017aec800 14163       2       com.android.tools.r8.code.CmpLong::<init> (7 bytes)
Event: 681.727 Thread 0x0000000017aec800 nmethod 14163 0x000000000389a890 code [0x000000000389aa00, 0x000000000389ac98]

GC Heap History (10 events):
Event: 25.989 GC heap before
{Heap before GC invocations=20 (full 3):
 PSYoungGen      total 242688K, used 232420K [0x00000000e0000000, 0x00000000f1400000, 0x0000000100000000)
  eden space 210432K, 99% used [0x00000000e0000000,0x00000000ecd1a238,0x00000000ecd80000)
  from space 32256K, 69% used [0x00000000eee80000,0x00000000f045f0f8,0x00000000f0e00000)
  to   space 33792K, 0% used [0x00000000ecd80000,0x00000000ecd80000,0x00000000eee80000)
 ParOldGen       total 121344K, used 97273K [0x00000000a0000000, 0x00000000a7680000, 0x00000000e0000000)
  object space 121344K, 80% used [0x00000000a0000000,0x00000000a5efe560,0x00000000a7680000)
 Metaspace       used 63980K, capacity 66260K, committed 66520K, reserved 1105920K
  class space    used 8630K, capacity 9155K, committed 9216K, reserved 1048576K
Event: 26.001 GC heap after
Heap after GC invocations=20 (full 3):
 PSYoungGen      total 244224K, used 29483K [0x00000000e0000000, 0x00000000f4500000, 0x0000000100000000)
  eden space 210432K, 0% used [0x00000000e0000000,0x00000000e0000000,0x00000000ecd80000)
  from space 33792K, 87% used [0x00000000ecd80000,0x00000000eea4afd0,0x00000000eee80000)
  to   space 37888K, 0% used [0x00000000f2000000,0x00000000f2000000,0x00000000f4500000)
 ParOldGen       total 121344K, used 97281K [0x00000000a0000000, 0x00000000a7680000, 0x00000000e0000000)
  object space 121344K, 80% used [0x00000000a0000000,0x00000000a5f00560,0x00000000a7680000)
 Metaspace       used 63980K, capacity 66260K, committed 66520K, reserved 1105920K
  class space    used 8630K, capacity 9155K, committed 9216K, reserved 1048576K
}
Event: 26.029 GC heap before
{Heap before GC invocations=21 (full 3):
 PSYoungGen      total 244224K, used 239499K [0x00000000e0000000, 0x00000000f4500000, 0x0000000100000000)
  eden space 210432K, 99% used [0x00000000e0000000,0x00000000ecd18008,0x00000000ecd80000)
  from space 33792K, 87% used [0x00000000ecd80000,0x00000000eea4afd0,0x00000000eee80000)
  to   space 37888K, 0% used [0x00000000f2000000,0x00000000f2000000,0x00000000f4500000)
 ParOldGen       total 121344K, used 97281K [0x00000000a0000000, 0x00000000a7680000, 0x00000000e0000000)
  object space 121344K, 80% used [0x00000000a0000000,0x00000000a5f00560,0x00000000a7680000)
 Metaspace       used 63990K, capacity 66260K, committed 66520K, reserved 1105920K
  class space    used 8630K, capacity 9155K, committed 9216K, reserved 1048576K
Event: 26.039 GC heap after
Heap after GC invocations=21 (full 3):
 PSYoungGen      total 294912K, used 96K [0x00000000e0000000, 0x00000000f5c00000, 0x0000000100000000)
  eden space 257024K, 0% used [0x00000000e0000000,0x00000000e0000000,0x00000000efb00000)
  from space 37888K, 0% used [0x00000000f2000000,0x00000000f2018000,0x00000000f4500000)
  to   space 37888K, 0% used [0x00000000efb00000,0x00000000efb00000,0x00000000f2000000)
 ParOldGen       total 121344K, used 119438K [0x00000000a0000000, 0x00000000a7680000, 0x00000000e0000000)
  object space 121344K, 98% used [0x00000000a0000000,0x00000000a74a3898,0x00000000a7680000)
 Metaspace       used 63990K, capacity 66260K, committed 66520K, reserved 1105920K
  class space    used 8630K, capacity 9155K, committed 9216K, reserved 1048576K
}
Event: 26.039 GC heap before
{Heap before GC invocations=22 (full 4):
 PSYoungGen      total 294912K, used 96K [0x00000000e0000000, 0x00000000f5c00000, 0x0000000100000000)
  eden space 257024K, 0% used [0x00000000e0000000,0x00000000e0000000,0x00000000efb00000)
  from space 37888K, 0% used [0x00000000f2000000,0x00000000f2018000,0x00000000f4500000)
  to   space 37888K, 0% used [0x00000000efb00000,0x00000000efb00000,0x00000000f2000000)
 ParOldGen       total 121344K, used 119438K [0x00000000a0000000, 0x00000000a7680000, 0x00000000e0000000)
  object space 121344K, 98% used [0x00000000a0000000,0x00000000a74a3898,0x00000000a7680000)
 Metaspace       used 63990K, capacity 66260K, committed 66520K, reserved 1105920K
  class space    used 8630K, capacity 9155K, committed 9216K, reserved 1048576K
Event: 26.134 GC heap after
Heap after GC invocations=22 (full 4):
 PSYoungGen      total 294912K, used 0K [0x00000000e0000000, 0x00000000f5c00000, 0x0000000100000000)
  eden space 257024K, 0% used [0x00000000e0000000,0x00000000e0000000,0x00000000efb00000)
  from space 37888K, 0% used [0x00000000f2000000,0x00000000f2000000,0x00000000f4500000)
  to   space 37888K, 0% used [0x00000000efb00000,0x00000000efb00000,0x00000000f2000000)
 ParOldGen       total 158208K, used 54198K [0x00000000a0000000, 0x00000000a9a80000, 0x00000000e0000000)
  object space 158208K, 34% used [0x00000000a0000000,0x00000000a34edbd0,0x00000000a9a80000)
 Metaspace       used 63976K, capacity 66218K, committed 66520K, reserved 1105920K
  class space    used 8625K, capacity 9146K, committed 9216K, reserved 1048576K
}
Event: 654.689 GC heap before
{Heap before GC invocations=23 (full 4):
 PSYoungGen      total 294912K, used 257024K [0x00000000e0000000, 0x00000000f5c00000, 0x0000000100000000)
  eden space 257024K, 100% used [0x00000000e0000000,0x00000000efb00000,0x00000000efb00000)
  from space 37888K, 0% used [0x00000000f2000000,0x00000000f2000000,0x00000000f4500000)
  to   space 37888K, 0% used [0x00000000efb00000,0x00000000efb00000,0x00000000f2000000)
 ParOldGen       total 158208K, used 54198K [0x00000000a0000000, 0x00000000a9a80000, 0x00000000e0000000)
  object space 158208K, 34% used [0x00000000a0000000,0x00000000a34edbd0,0x00000000a9a80000)
 Metaspace       used 69041K, capacity 71632K, committed 71896K, reserved 1112064K
  class space    used 9113K, capacity 9671K, committed 9728K, reserved 1048576K
Event: 654.707 GC heap after
Heap after GC invocations=23 (full 4):
 PSYoungGen      total 294912K, used 8470K [0x00000000e0000000, 0x00000000f9180000, 0x0000000100000000)
  eden space 257024K, 0% used [0x00000000e0000000,0x00000000e0000000,0x00000000efb00000)
  from space 37888K, 22% used [0x00000000efb00000,0x00000000f0345b88,0x00000000f2000000)
  to   space 36864K, 0% used [0x00000000f6d80000,0x00000000f6d80000,0x00000000f9180000)
 ParOldGen       total 158208K, used 54206K [0x00000000a0000000, 0x00000000a9a80000, 0x00000000e0000000)
  object space 158208K, 34% used [0x00000000a0000000,0x00000000a34efbd0,0x00000000a9a80000)
 Metaspace       used 69041K, capacity 71632K, committed 71896K, reserved 1112064K
  class space    used 9113K, capacity 9671K, committed 9728K, reserved 1048576K
}
Event: 681.464 GC heap before
{Heap before GC invocations=24 (full 4):
 PSYoungGen      total 294912K, used 265494K [0x00000000e0000000, 0x00000000f9180000, 0x0000000100000000)
  eden space 257024K, 100% used [0x00000000e0000000,0x00000000efb00000,0x00000000efb00000)
  from space 37888K, 22% used [0x00000000efb00000,0x00000000f0345b88,0x00000000f2000000)
  to   space 36864K, 0% used [0x00000000f6d80000,0x00000000f6d80000,0x00000000f9180000)
 ParOldGen       total 158208K, used 54206K [0x00000000a0000000, 0x00000000a9a80000, 0x00000000e0000000)
  object space 158208K, 34% used [0x00000000a0000000,0x00000000a34efbd0,0x00000000a9a80000)
 Metaspace       used 77779K, capacity 80628K, committed 80856K, reserved 1120256K
  class space    used 10114K, capacity 10693K, committed 10752K, reserved 1048576K
Event: 681.524 GC heap after
Heap after GC invocations=24 (full 4):
 PSYoungGen      total 365568K, used 36852K [0x00000000e0000000, 0x00000000f9d80000, 0x0000000100000000)
  eden space 328704K, 0% used [0x00000000e0000000,0x00000000e0000000,0x00000000f4100000)
  from space 36864K, 99% used [0x00000000f6d80000,0x00000000f917d140,0x00000000f9180000)
  to   space 45568K, 0% used [0x00000000f4100000,0x00000000f4100000,0x00000000f6d80000)
 ParOldGen       total 158208K, used 61552K [0x00000000a0000000, 0x00000000a9a80000, 0x00000000e0000000)
  object space 158208K, 38% used [0x00000000a0000000,0x00000000a3c1c358,0x00000000a9a80000)
 Metaspace       used 77779K, capacity 80628K, committed 80856K, reserved 1120256K
  class space    used 10114K, capacity 10693K, committed 10752K, reserved 1048576K
}

Deoptimization events (10 events):
Event: 672.876 Thread 0x000000001ef09800 Uncommon trap: reason=class_check action=maybe_recompile pc=0x00000000034ecf3c method=java.util.Map.computeIfAbsent(Ljava/lang/Object;Ljava/util/function/Function;)Ljava/lang/Object; @ 7
Event: 672.876 Thread 0x000000001ef09800 Uncommon trap: reason=class_check action=maybe_recompile pc=0x00000000034ecf3c method=java.util.Map.computeIfAbsent(Ljava/lang/Object;Ljava/util/function/Function;)Ljava/lang/Object; @ 7
Event: 673.270 Thread 0x000000001ef09800 Uncommon trap: reason=class_check action=maybe_recompile pc=0x00000000034ecf3c method=java.util.Map.computeIfAbsent(Ljava/lang/Object;Ljava/util/function/Function;)Ljava/lang/Object; @ 7
Event: 673.270 Thread 0x000000001ef09800 Uncommon trap: reason=class_check action=maybe_recompile pc=0x00000000034ecf3c method=java.util.Map.computeIfAbsent(Ljava/lang/Object;Ljava/util/function/Function;)Ljava/lang/Object; @ 7
Event: 673.381 Thread 0x000000001ef09800 Uncommon trap: reason=bimorphic action=maybe_recompile pc=0x000000000404e154 method=com.android.tools.r8.graph.DexItemFactory.lambda$assignSortedIndices$1(Lcom/android/tools/r8/naming/NamingLens;Lcom/android/tools/r8/graph/PresortedComparable;Lcom/android
Event: 673.381 Thread 0x000000001ef09800 Uncommon trap: reason=bimorphic action=maybe_recompile pc=0x000000000404e154 method=com.android.tools.r8.graph.DexItemFactory.lambda$assignSortedIndices$1(Lcom/android/tools/r8/naming/NamingLens;Lcom/android/tools/r8/graph/PresortedComparable;Lcom/android
Event: 673.381 Thread 0x000000001ef09800 Uncommon trap: reason=bimorphic action=maybe_recompile pc=0x000000000404e154 method=com.android.tools.r8.graph.DexItemFactory.lambda$assignSortedIndices$1(Lcom/android/tools/r8/naming/NamingLens;Lcom/android/tools/r8/graph/PresortedComparable;Lcom/android
Event: 673.382 Thread 0x000000001ef09800 Uncommon trap: reason=bimorphic action=maybe_recompile pc=0x000000000404e154 method=com.android.tools.r8.graph.DexItemFactory.lambda$assignSortedIndices$1(Lcom/android/tools/r8/naming/NamingLens;Lcom/android/tools/r8/graph/PresortedComparable;Lcom/android
Event: 673.382 Thread 0x000000001ef09800 Uncommon trap: reason=unstable_if action=reinterpret pc=0x0000000003399ba4 method=java.lang.Integer.compare(II)I @ 11
Event: 681.462 Thread 0x000000001ef0a800 Uncommon trap: reason=unstable_if action=reinterpret pc=0x000000000338bb3c method=java.util.concurrent.ForkJoinPool.helpStealer(Ljava/util/concurrent/ForkJoinPool$WorkQueue;Ljava/util/concurrent/ForkJoinTask;)V @ 63

Classes redefined (0 events):
No events

Internal exceptions (10 events):
Event: 654.472 Thread 0x000000001998f000 Exception <a 'sun/nio/fs/WindowsException'> (0x00000000ef0e0ac8) thrown at [D:\src\AOSP-openjdk-cygwin\jdk8u\hotspot\src\share\vm\prims\jni.cpp, line 709]
Event: 654.472 Thread 0x000000001998f000 Exception <a 'sun/nio/fs/WindowsException'> (0x00000000ef0e1788) thrown at [D:\src\AOSP-openjdk-cygwin\jdk8u\hotspot\src\share\vm\prims\jni.cpp, line 709]
Event: 666.295 Thread 0x0000000019b4e800 Implicit null exception at 0x00000000048d0c6f to 0x00000000048d1275
Event: 672.583 Thread 0x000000001ef09800 Exception <a 'java/lang/NoSuchMethodError': java.lang.Object.lambda$and$0(Ljava/util/function/Predicate;Ljava/lang/Object;)Z> (0x00000000eb4b71d8) thrown at [D:\src\AOSP-openjdk-cygwin\jdk8u\hotspot\src\share\vm\interpreter\linkResolver.cpp, line 584]
Event: 672.583 Thread 0x000000001ef08000 Exception <a 'java/lang/NoSuchMethodError': java.lang.Object.lambda$and$0(Ljava/util/function/Predicate;Ljava/lang/Object;)Z> (0x00000000eb543ea8) thrown at [D:\src\AOSP-openjdk-cygwin\jdk8u\hotspot\src\share\vm\interpreter\linkResolver.cpp, line 584]
Event: 672.585 Thread 0x000000001ef08000 Exception <a 'java/lang/NoSuchMethodError': java.lang.Object.lambda$static$0(Ljava/lang/String;)Z> (0x00000000eb550848) thrown at [D:\src\AOSP-openjdk-cygwin\jdk8u\hotspot\src\share\vm\interpreter\linkResolver.cpp, line 584]
Event: 672.608 Thread 0x000000001ef09800 Exception <a 'sun/nio/fs/WindowsException'> (0x00000000eb738b88) thrown at [D:\src\AOSP-openjdk-cygwin\jdk8u\hotspot\src\share\vm\prims\jni.cpp, line 709]
Event: 672.941 Thread 0x000000001ef09800 Exception <a 'java/lang/NoSuchMethodError': java.lang.Object.lambda$comparingInt$7b0bb60$1(Ljava/util/function/ToIntFunction;Ljava/lang/Object;Ljava/lang/Object;)I> (0x00000000ebdc9630) thrown at [D:\src\AOSP-openjdk-cygwin\jdk8u\hotspot\src\share\vm\inte
Event: 673.385 Thread 0x000000001ef09800 Exception <a 'sun/nio/fs/WindowsException'> (0x00000000ec263f98) thrown at [D:\src\AOSP-openjdk-cygwin\jdk8u\hotspot\src\share\vm\prims\jni.cpp, line 709]
Event: 681.358 Thread 0x000000001ef0a800 Exception <a 'sun/nio/fs/WindowsException'> (0x00000000ec9bbb58) thrown at [D:\src\AOSP-openjdk-cygwin\jdk8u\hotspot\src\share\vm\prims\jni.cpp, line 709]

Events (10 events):
Event: 681.638 Thread 0x0000000017aec800 flushing nmethod 0x000000000439fcd0
Event: 681.638 Thread 0x0000000017aec800 flushing nmethod 0x00000000043b9390
Event: 681.642 Thread 0x0000000017aec800 flushing nmethod 0x0000000004637490
Event: 681.645 Thread 0x0000000017aec800 flushing nmethod 0x00000000048ad650
Event: 681.645 Thread 0x0000000017aec800 flushing nmethod 0x00000000048b3310
Event: 681.645 Thread 0x0000000017aec800 flushing nmethod 0x00000000048b6510
Event: 681.645 Thread 0x0000000017aec800 flushing nmethod 0x00000000048b6dd0
Event: 681.645 Thread 0x0000000017aec800 flushing nmethod 0x00000000048ce210
Event: 681.647 Thread 0x000000001ef0f000 DEOPT PACKING pc=0x0000000003fdc0cb sp=0x000000002893ec60
Event: 681.647 Thread 0x000000001ef0f000 DEOPT UNPACKING pc=0x0000000002ad75d0 sp=0x000000002893e9f0 mode 0


Dynamic libraries:
0x00007ff76f830000 - 0x00007ff76f861000 	C:\Program Files\Android\Android Studio\jre\bin\java.exe
0x00007fffe4180000 - 0x00007fffe4361000 	C:\WINDOWS\SYSTEM32\ntdll.dll
0x00007fffe17e0000 - 0x00007fffe1892000 	C:\WINDOWS\System32\KERNEL32.DLL
0x00007fffe06f0000 - 0x00007fffe0963000 	C:\WINDOWS\System32\KERNELBASE.dll
0x00007fffe18c0000 - 0x00007fffe1961000 	C:\WINDOWS\System32\ADVAPI32.dll
0x00007fffe3cd0000 - 0x00007fffe3d6e000 	C:\WINDOWS\System32\msvcrt.dll
0x00007fffe3e60000 - 0x00007fffe3ebb000 	C:\WINDOWS\System32\sechost.dll
0x00007fffe1980000 - 0x00007fffe1aa4000 	C:\WINDOWS\System32\RPCRT4.dll
0x00007fffe1c30000 - 0x00007fffe1dc0000 	C:\WINDOWS\System32\USER32.dll
0x00007fffe0b00000 - 0x00007fffe0b20000 	C:\WINDOWS\System32\win32u.dll
0x00007fffe1610000 - 0x00007fffe1638000 	C:\WINDOWS\System32\GDI32.dll
0x00007fffe0b20000 - 0x00007fffe0cb2000 	C:\WINDOWS\System32\gdi32full.dll
0x00007fffe0650000 - 0x00007fffe06ef000 	C:\WINDOWS\System32\msvcp_win.dll
0x00007fffe0550000 - 0x00007fffe064a000 	C:\WINDOWS\System32\ucrtbase.dll
0x00007fffd9810000 - 0x00007fffd9a79000 	C:\WINDOWS\WinSxS\amd64_microsoft.windows.common-controls_6595b64144ccf1df_6.0.17134.345_none_fb429a5930656358\COMCTL32.dll
0x00007fffe1dd0000 - 0x00007fffe20f3000 	C:\WINDOWS\System32\combase.dll
0x00007fffe0970000 - 0x00007fffe09ea000 	C:\WINDOWS\System32\bcryptPrimitives.dll
0x00007fffe3740000 - 0x00007fffe376d000 	C:\WINDOWS\System32\IMM32.DLL
0x0000000058240000 - 0x0000000058312000 	C:\Program Files\Android\Android Studio\jre\jre\bin\msvcr100.dll
0x0000000055c10000 - 0x0000000056451000 	C:\Program Files\Android\Android Studio\jre\jre\bin\server\jvm.dll
0x00007fffe1dc0000 - 0x00007fffe1dc8000 	C:\WINDOWS\System32\PSAPI.DLL
0x00007fffdb130000 - 0x00007fffdb153000 	C:\WINDOWS\SYSTEM32\WINMM.dll
0x00007fffdae70000 - 0x00007fffdae7a000 	C:\WINDOWS\SYSTEM32\VERSION.dll
0x00007fffdaf50000 - 0x00007fffdaf7a000 	C:\WINDOWS\SYSTEM32\WINMMBASE.dll
0x00007fffe15c0000 - 0x00007fffe1609000 	C:\WINDOWS\System32\cfgmgr32.dll
0x00007fffcc910000 - 0x00007fffcc919000 	C:\WINDOWS\SYSTEM32\WSOCK32.dll
0x00007fffe36d0000 - 0x00007fffe373c000 	C:\WINDOWS\System32\WS2_32.dll
0x00007fffdc420000 - 0x00007fffdc42f000 	C:\Program Files\Android\Android Studio\jre\jre\bin\verify.dll
0x00007fffd3890000 - 0x00007fffd38b9000 	C:\Program Files\Android\Android Studio\jre\jre\bin\java.dll
0x00007fffd3830000 - 0x00007fffd3853000 	C:\Program Files\Android\Android Studio\jre\jre\bin\instrument.dll
0x00007fffd96f0000 - 0x00007fffd9706000 	C:\Program Files\Android\Android Studio\jre\jre\bin\zip.dll
0x00007fffe2100000 - 0x00007fffe353f000 	C:\WINDOWS\System32\SHELL32.dll
0x00007fffe3770000 - 0x00007fffe3819000 	C:\WINDOWS\System32\shcore.dll
0x00007fffe0eb0000 - 0x00007fffe15bd000 	C:\WINDOWS\System32\windows.storage.dll
0x00007fffe3670000 - 0x00007fffe36c1000 	C:\WINDOWS\System32\shlwapi.dll
0x00007fffe0520000 - 0x00007fffe0531000 	C:\WINDOWS\System32\kernel.appcore.dll
0x00007fffe0500000 - 0x00007fffe051f000 	C:\WINDOWS\System32\profapi.dll
0x00007fffe04b0000 - 0x00007fffe04fc000 	C:\WINDOWS\System32\powrprof.dll
0x00007fffe0540000 - 0x00007fffe054a000 	C:\WINDOWS\System32\FLTLIB.DLL
0x00007fffd9590000 - 0x00007fffd95aa000 	C:\Program Files\Android\Android Studio\jre\jre\bin\net.dll
0x00007fffdf9b0000 - 0x00007fffdfa16000 	C:\WINDOWS\system32\mswsock.dll
0x00007fffd9490000 - 0x00007fffd94a1000 	C:\Program Files\Android\Android Studio\jre\jre\bin\nio.dll
0x00007fffd95b0000 - 0x00007fffd95ce000 	C:\Users\Phuc Pham\.gradle\native\25\windows-amd64\native-platform.dll
0x00007fffdc3f0000 - 0x00007fffdc3fd000 	C:\Program Files\Android\Android Studio\jre\jre\bin\management.dll
0x00007fffdfe50000 - 0x00007fffdfe67000 	C:\WINDOWS\SYSTEM32\CRYPTSP.dll
0x00007fffdf590000 - 0x00007fffdf5c3000 	C:\WINDOWS\system32\rsaenh.dll
0x00007fffdfe20000 - 0x00007fffdfe45000 	C:\WINDOWS\SYSTEM32\bcrypt.dll
0x00007fffe0390000 - 0x00007fffe03b8000 	C:\WINDOWS\SYSTEM32\USERENV.dll
0x00007fffdfb60000 - 0x00007fffdfb6b000 	C:\WINDOWS\SYSTEM32\CRYPTBASE.dll
0x00007fffdf730000 - 0x00007fffdf768000 	C:\WINDOWS\SYSTEM32\IPHLPAPI.DLL
0x00007fffe3540000 - 0x00007fffe3548000 	C:\WINDOWS\System32\NSI.dll
0x00007fffd9030000 - 0x00007fffd9046000 	C:\WINDOWS\SYSTEM32\dhcpcsvc6.DLL
0x00007fffd9010000 - 0x00007fffd902a000 	C:\WINDOWS\SYSTEM32\dhcpcsvc.DLL
0x00007fffdf770000 - 0x00007fffdf82e000 	C:\WINDOWS\SYSTEM32\DNSAPI.dll
0x0000000057be0000 - 0x0000000057c06000 	C:\Program Files\Bonjour\mdnsNSP.dll
0x00007fffd0780000 - 0x00007fffd078a000 	C:\Windows\System32\rasadhlp.dll
0x00007fffd0880000 - 0x00007fffd08f2000 	C:\WINDOWS\System32\fwpuclnt.dll

VM Arguments:
jvm_args: -javaagent:C:\Program Files\LogiGear\TestArchitect\binclient\agents\java\lib\ext\TAJavaLoader.jar -Xmx1536m -Dfile.encoding=windows-1258 -Duser.country=US -Duser.language=en -Duser.variant 
java_command: org.gradle.launcher.daemon.bootstrap.GradleDaemon 4.6
java_class_path (initial): C:\Users\Phuc Pham\.gradle\wrapper\dists\gradle-4.6-all\bcst21l2brirad8k2ben1letg\gradle-4.6\lib\gradle-launcher-4.6.jar;C:\Program Files\LogiGear\TestArchitect\binclient\agents\java\lib\ext\TAJavaLoader.jar
Launcher Type: SUN_STANDARD

Environment Variables:
JAVA_TOOL_OPTIONS=-javaagent:"C:\Program Files\LogiGear\TestArchitect\binclient\agents\java\lib\ext\TAJavaLoader.jar"
PATH=C:\ProgramData\Oracle\Java\javapath;C:\Program Files (x86)\Java\jre1.8.0_65\bin;C:\Program Files\Java\jdk1.8.0_65\bin;C:\Users\Phuc Pham\.dnx\bin;C:\Program Files\Microsoft DNX\Dnvm\;C:\WINDOWS\system32;C:\WINDOWS;C:\WINDOWS\System32\Wbem;C:\WINDOWS\System32\WindowsPowerShell\v1.0\;C:\Program Files (x86)\Windows Kits\8.1\Windows Performance Toolkit\;C:\Program Files\MATLAB\MATLAB Compiler Runtime\v83\runtime\win64;D:\tool\runtime\win64;D:\tool\bin;D:\tool\polyspace\bin;C:\Program Files\Microsoft SQL Server\Client SDK\ODBC\110\Tools\Binn\;C:\Program Files (x86)\Microsoft SQL Server\120\Tools\Binn\;C:\Program Files\Microsoft SQL Server\120\Tools\Binn\;C:\Program Files\Microsoft SQL Server\120\DTS\Binn\;C:\Program Files (x86)\Microsoft SQL Server\120\Tools\Binn\ManagementStudio\;C:\Program Files (x86)\Microsoft SQL Server\120\DTS\Binn\;C:\Program Files\nodejs\;D:\GIT\Git\cmd;C:\HashiCorp\Vagrant\bin;C:\WINDOWS\System32\OpenSSH\;C:\Program Files\LogiGear\TestArchitect\binclient;C:\Users\Phuc Pham\AppData\Local\Programs\Python\Python37-32\Scripts\;C:\Users\Phuc Pham\AppData\Local\Programs\Python\Python37-32\;C:\Users\Phuc Pham\AppData\Local\Microsoft\WindowsApps;C:\Users\Phuc Pham\AppData\Roaming\npm;C:\Program Files\LogiGear\TestArchitect\binclient
USERNAME=Phuc Pham
OS=Windows_NT
PROCESSOR_IDENTIFIER=Intel64 Family 6 Model 60 Stepping 3, GenuineIntel



---------------  S Y S T E M  ---------------

OS: Windows 10.0 , 64 bit Build 17134 (10.0.17134.1)

CPU:total 4 (initial active 4) (2 cores per cpu, 2 threads per core) family 6 model 60 stepping 3, cmov, cx8, fxsr, mmx, sse, sse2, sse3, ssse3, sse4.1, sse4.2, popcnt, avx, avx2, aes, clmul, erms, lzcnt, ht, tsc, tscinvbit, bmi1, bmi2

Memory: 4k page, physical 6171668k(546420k free), swap 10267668k(4424k free)

vm_info: OpenJDK 64-Bit Server VM (25.152-b06) for windows-amd64 JRE (1.8.0_152-release-1136-b06), built by "builder" with MS VC++ 10.0 (VS2010)

time: Sun Oct 28 16:58:53 2018
elapsed time: 681 seconds (0d 0h 11m 21s)

