#
# There is insufficient memory for the Java Runtime Environment to continue.
# Native memory allocation (malloc) failed to allocate 143296 bytes for Chunk::new
# Possible reasons:
#   The system is out of physical RAM or swap space
#   In 32 bit mode, the process size limit was hit
# Possible solutions:
#   Reduce memory load on the system
#   Increase physical memory or swap space
#   Check if swap backing store is full
#   Use 64 bit Java on a 64 bit OS
#   Decrease Java heap size (-Xmx/-Xms)
#   Decrease number of Java threads
#   Decrease Java thread stack sizes (-Xss)
#   Set larger code cache with -XX:ReservedCodeCacheSize=
# This output file may be truncated or incomplete.
#
#  Out of Memory Error (allocation.cpp:390), pid=9016, tid=0x00000000000015a8
#
# JRE version: OpenJDK Runtime Environment (8.0_152-b06) (build 1.8.0_152-release-1136-b06)
# Java VM: OpenJDK 64-Bit Server VM (25.152-b06 mixed mode windows-amd64 compressed oops)
# Failed to write core dump. Minidumps are not enabled by default on client versions of Windows
#

---------------  T H R E A D  ---------------

Current thread (0x0000000017b11000):  JavaThread "C2 CompilerThread1" daemon [_thread_in_native, id=5544, stack(0x00000000180a0000,0x00000000181a0000)]

Stack: [0x00000000180a0000,0x00000000181a0000]
[error occurred during error reporting (printing stack bounds), id 0xc0000005]

Native frames: (J=compiled Java code, j=interpreted, Vv=VM code, C=native code)


Current CompileTask:
C2:  24553 7631       4       com.android.tools.r8.code.BaseInstructionFactory::create (3362 bytes)


---------------  P R O C E S S  ---------------

Java Threads: ( => current thread )
  0x000000001e296800 JavaThread "ForkJoinPool-2-worker-0" daemon [_thread_in_vm, id=10500, stack(0x0000000024590000,0x0000000024690000)]
  0x000000001e295800 JavaThread "ForkJoinPool-2-worker-3" daemon [_thread_blocked, id=10156, stack(0x0000000024490000,0x0000000024590000)]
  0x000000001e295000 JavaThread "ForkJoinPool-2-worker-2" daemon [_thread_blocked, id=10324, stack(0x0000000024390000,0x0000000024490000)]
  0x000000001e293800 JavaThread "ForkJoinPool-2-worker-1" daemon [_thread_blocked, id=2532, stack(0x00000000238c0000,0x00000000239c0000)]
  0x000000001e28b800 JavaThread "Task worker for ':' Thread 3" [_thread_blocked, id=12164, stack(0x00000000237c0000,0x00000000238c0000)]
  0x000000001e292800 JavaThread "Task worker for ':' Thread 2" [_thread_blocked, id=1872, stack(0x00000000236c0000,0x00000000237c0000)]
  0x000000001e28b000 JavaThread "Task worker for ':'" [_thread_blocked, id=10648, stack(0x00000000235c0000,0x00000000236c0000)]
  0x000000001e292000 JavaThread "Cache worker for Build Output Cleanup Cache (E:\HocTap\do an cnpm\App\AppTravel\.gradle\buildOutputCleanup)" [_thread_blocked, id=7864, stack(0x00000000234c0000,0x00000000235c0000)]
  0x000000001e28a000 JavaThread "Cache worker for task history cache (E:\HocTap\do an cnpm\App\AppTravel\.gradle\4.6\taskHistory)" [_thread_blocked, id=10088, stack(0x00000000233c0000,0x00000000234c0000)]
  0x000000001e290000 JavaThread "Cache worker for file content cache (E:\HocTap\do an cnpm\App\AppTravel\.gradle\4.6\fileContent)" [_thread_blocked, id=6080, stack(0x00000000232c0000,0x00000000233c0000)]
  0x000000001e28c800 JavaThread "Memory manager" [_thread_blocked, id=13316, stack(0x0000000021ca0000,0x0000000021da0000)]
  0x00000000194be000 JavaThread "Build operations Thread 4" [_thread_blocked, id=11380, stack(0x00000000219a0000,0x0000000021aa0000)]
  0x00000000194b9800 JavaThread "Build operations Thread 3" [_thread_blocked, id=9080, stack(0x00000000218a0000,0x00000000219a0000)]
  0x00000000194bd000 JavaThread "Build operations Thread 2" [_thread_blocked, id=1564, stack(0x00000000217a0000,0x00000000218a0000)]
  0x00000000194bb800 JavaThread "Build operations" [_thread_blocked, id=7408, stack(0x00000000213b0000,0x00000000214b0000)]
  0x00000000194bc800 JavaThread "Cache worker for Artifact transforms cache (C:\Users\Phuc Pham\.gradle\caches\transforms-1)" [_thread_blocked, id=4648, stack(0x00000000212b0000,0x00000000213b0000)]
  0x00000000194b8800 JavaThread "Thread-12" daemon [_thread_in_native, id=7540, stack(0x000000001e850000,0x000000001e950000)]
  0x00000000194b8000 JavaThread "Cache worker for file hash cache (E:\HocTap\do an cnpm\App\AppTravel\.gradle\4.6\fileHashes)" [_thread_blocked, id=14048, stack(0x000000001c1c0000,0x000000001c2c0000)]
  0x0000000019f56800 JavaThread "File lock request listener" [_thread_in_native, id=3796, stack(0x000000001c0c0000,0x000000001c1c0000)]
  0x00000000195ff000 JavaThread "Cache worker for file hash cache (C:\Users\Phuc Pham\.gradle\caches\4.6\fileHashes)" [_thread_blocked, id=13884, stack(0x000000001bfc0000,0x000000001c0c0000)]
  0x00000000193dc800 JavaThread "Stdin handler" [_thread_blocked, id=5312, stack(0x000000001bcc0000,0x000000001bdc0000)]
  0x0000000018a61800 JavaThread "Asynchronous log dispatcher for DefaultDaemonConnection: socket connection from /127.0.0.1:63677 to /127.0.0.1:63678" [_thread_blocked, id=10452, stack(0x000000001bbc0000,0x000000001bcc0000)]
  0x0000000019671000 JavaThread "Daemon worker" [_thread_blocked, id=12296, stack(0x000000001bac0000,0x000000001bbc0000)]
  0x0000000018f31000 JavaThread "Cancel handler" [_thread_blocked, id=10144, stack(0x000000001b9c0000,0x000000001bac0000)]
  0x000000001957e000 JavaThread "Handler for socket connection from /127.0.0.1:63677 to /127.0.0.1:63678" [_thread_in_native, id=5768, stack(0x000000001b6c0000,0x000000001b7c0000)]
  0x00000000194ff000 JavaThread "Daemon" [_thread_blocked, id=10028, stack(0x000000001b5c0000,0x000000001b6c0000)]
  0x00000000199dd000 JavaThread "Daemon periodic checks" [_thread_blocked, id=12996, stack(0x000000001b4c0000,0x000000001b5c0000)]
  0x0000000019648800 JavaThread "Incoming local TCP Connector on port 63677" [_thread_in_native, id=10668, stack(0x000000001b280000,0x000000001b380000)]
  0x0000000017b2e000 JavaThread "Service Thread" daemon [_thread_blocked, id=12952, stack(0x00000000182a0000,0x00000000183a0000)]
  0x0000000017b12800 JavaThread "C1 CompilerThread2" daemon [_thread_blocked, id=5548, stack(0x00000000181a0000,0x00000000182a0000)]
=>0x0000000017b11000 JavaThread "C2 CompilerThread1" daemon [_thread_in_native, id=5544, stack(0x00000000180a0000,0x00000000181a0000)]
  0x0000000017b01000 JavaThread "C2 CompilerThread0" daemon [_thread_in_native, id=5556, stack(0x0000000017fa0000,0x00000000180a0000)]
  0x0000000016436000 JavaThread "Attach Listener" daemon [_thread_blocked, id=9100, stack(0x00000000179a0000,0x0000000017aa0000)]
  0x0000000016484800 JavaThread "Signal Dispatcher" daemon [_thread_blocked, id=892, stack(0x00000000178a0000,0x00000000179a0000)]
  0x0000000002abe000 JavaThread "Finalizer" daemon [_thread_blocked, id=8084, stack(0x00000000176b0000,0x00000000177b0000)]
  0x0000000002ab3000 JavaThread "Reference Handler" daemon [_thread_blocked, id=7480, stack(0x00000000175b0000,0x00000000176b0000)]
  0x00000000029c3800 JavaThread "main" [_thread_blocked, id=6860, stack(0x0000000002710000,0x0000000002810000)]

Other Threads:
  0x00000000163f6800 VMThread [stack: 0x00000000174b0000,0x00000000175b0000] [id=4452]
  0x0000000017ba9800 WatcherThread [stack: 0x00000000183a0000,0x00000000184a0000] [id=2544]

VM state:not at safepoint (normal execution)

VM Mutex/Monitor currently owned by a thread: None

Heap:
 PSYoungGen      total 206848K, used 86966K [0x00000000e0000000, 0x00000000f1380000, 0x0000000100000000)
  eden space 185856K, 46% used [0x00000000e0000000,0x00000000e54ed928,0x00000000eb580000)
  from space 20992K, 0% used [0x00000000eb580000,0x00000000eb580000,0x00000000eca00000)
  to   space 24064K, 0% used [0x00000000efc00000,0x00000000efc00000,0x00000000f1380000)
 ParOldGen       total 77312K, used 43247K [0x00000000a0000000, 0x00000000a4b80000, 0x00000000e0000000)
  object space 77312K, 55% used [0x00000000a0000000,0x00000000a2a3bc10,0x00000000a4b80000)
 Metaspace       used 59944K, capacity 61698K, committed 61912K, reserved 1101824K
  class space    used 8157K, capacity 8590K, committed 8704K, reserved 1048576K

Card table byte_map: [0x0000000011e80000,0x0000000012190000] byte_map_base: 0x0000000011980000

Marking Bits: (ParMarkBitMap*) 0x00000000563d5aa0
 Begin Bits: [0x0000000012790000, 0x0000000013f90000)
 End Bits:   [0x0000000013f90000, 0x0000000015790000)

Polling page: 0x0000000000e50000

CodeCache: size=245760Kb used=21607Kb max_used=21619Kb free=224152Kb
 bounds [0x0000000002ac0000, 0x0000000004000000, 0x0000000011ac0000]
 total_blobs=7493 nmethods=6701 adapters=704
 compilation: enabled

Compilation events (10 events):
Event: 24.451 Thread 0x0000000017b12800 7627       2       com.android.tools.r8.code.SgetObject::<init> (11 bytes)
Event: 24.451 Thread 0x0000000017b12800 nmethod 7627 0x0000000003fb9b50 code [0x0000000003fb9cc0, 0x0000000003fb9f28]
Event: 24.451 Thread 0x0000000017b12800 7621       2       com.android.tools.r8.code.SputObject::<init> (11 bytes)
Event: 24.451 Thread 0x0000000017b12800 nmethod 7621 0x0000000003fb94d0 code [0x0000000003fb9640, 0x0000000003fb98a8]
Event: 24.455 Thread 0x0000000017b12800 7632 %     3       com.android.tools.r8.it.unimi.dsi.fastutil.ints.Int2ObjectOpenHashMap::rehash @ 45 (174 bytes)
Event: 24.456 Thread 0x0000000017b12800 nmethod 7632% 0x0000000003febad0 code [0x0000000003febd20, 0x0000000003feca88]
Event: 24.456 Thread 0x0000000017b12800 7633       3       com.android.tools.r8.it.unimi.dsi.fastutil.ints.Int2ObjectOpenHashMap::rehash (174 bytes)
Event: 24.457 Thread 0x0000000017b12800 nmethod 7633 0x0000000003fb7e90 code [0x0000000003fb80c0, 0x0000000003fb8ce8]
Event: 24.464 Thread 0x0000000017b11000 nmethod 7544 0x0000000003ff1050 code [0x0000000003ff1200, 0x0000000003ff2228]
Event: 24.464 Thread 0x0000000017b11000 7631       4       com.android.tools.r8.code.BaseInstructionFactory::create (3362 bytes)

GC Heap History (10 events):
Event: 8.134 GC heap before
{Heap before GC invocations=10 (full 2):
 PSYoungGen      total 158720K, used 10719K [0x00000000e0000000, 0x00000000ea900000, 0x0000000100000000)
  eden space 147456K, 0% used [0x00000000e0000000,0x00000000e0000000,0x00000000e9000000)
  from space 11264K, 95% used [0x00000000e9d80000,0x00000000ea7f7da0,0x00000000ea880000)
  to   space 12800K, 0% used [0x00000000e9000000,0x00000000e9000000,0x00000000e9c80000)
 ParOldGen       total 50176K, used 9337K [0x00000000a0000000, 0x00000000a3100000, 0x00000000e0000000)
  object space 50176K, 18% used [0x00000000a0000000,0x00000000a091e598,0x00000000a3100000)
 Metaspace       used 34760K, capacity 35316K, committed 35416K, reserved 1079296K
  class space    used 4821K, capacity 4984K, committed 4992K, reserved 1048576K
Event: 8.210 GC heap after
Heap after GC invocations=10 (full 2):
 PSYoungGen      total 158720K, used 0K [0x00000000e0000000, 0x00000000ea900000, 0x0000000100000000)
  eden space 147456K, 0% used [0x00000000e0000000,0x00000000e0000000,0x00000000e9000000)
  from space 11264K, 0% used [0x00000000e9d80000,0x00000000e9d80000,0x00000000ea880000)
  to   space 12800K, 0% used [0x00000000e9000000,0x00000000e9000000,0x00000000e9c80000)
 ParOldGen       total 77312K, used 17798K [0x00000000a0000000, 0x00000000a4b80000, 0x00000000e0000000)
  object space 77312K, 23% used [0x00000000a0000000,0x00000000a11618f0,0x00000000a4b80000)
 Metaspace       used 34760K, capacity 35316K, committed 35416K, reserved 1079296K
  class space    used 4821K, capacity 4984K, committed 4992K, reserved 1048576K
}
Event: 10.340 GC heap before
{Heap before GC invocations=11 (full 2):
 PSYoungGen      total 158720K, used 147456K [0x00000000e0000000, 0x00000000ea900000, 0x0000000100000000)
  eden space 147456K, 100% used [0x00000000e0000000,0x00000000e9000000,0x00000000e9000000)
  from space 11264K, 0% used [0x00000000e9d80000,0x00000000e9d80000,0x00000000ea880000)
  to   space 12800K, 0% used [0x00000000e9000000,0x00000000e9000000,0x00000000e9c80000)
 ParOldGen       total 77312K, used 17798K [0x00000000a0000000, 0x00000000a4b80000, 0x00000000e0000000)
  object space 77312K, 23% used [0x00000000a0000000,0x00000000a11618f0,0x00000000a4b80000)
 Metaspace       used 44654K, capacity 45476K, committed 45784K, reserved 1089536K
  class space    used 6017K, capacity 6287K, committed 6400K, reserved 1048576K
Event: 10.376 GC heap after
Heap after GC invocations=11 (full 2):
 PSYoungGen      total 160256K, used 12797K [0x00000000e0000000, 0x00000000eda00000, 0x0000000100000000)
  eden space 147456K, 0% used [0x00000000e0000000,0x00000000e0000000,0x00000000e9000000)
  from space 12800K, 99% used [0x00000000e9000000,0x00000000e9c7f700,0x00000000e9c80000)
  to   space 16384K, 0% used [0x00000000eca00000,0x00000000eca00000,0x00000000eda00000)
 ParOldGen       total 77312K, used 21824K [0x00000000a0000000, 0x00000000a4b80000, 0x00000000e0000000)
  object space 77312K, 28% used [0x00000000a0000000,0x00000000a1550138,0x00000000a4b80000)
 Metaspace       used 44654K, capacity 45476K, committed 45784K, reserved 1089536K
  class space    used 6017K, capacity 6287K, committed 6400K, reserved 1048576K
}
Event: 13.649 GC heap before
{Heap before GC invocations=12 (full 2):
 PSYoungGen      total 160256K, used 160253K [0x00000000e0000000, 0x00000000eda00000, 0x0000000100000000)
  eden space 147456K, 100% used [0x00000000e0000000,0x00000000e9000000,0x00000000e9000000)
  from space 12800K, 99% used [0x00000000e9000000,0x00000000e9c7f700,0x00000000e9c80000)
  to   space 16384K, 0% used [0x00000000eca00000,0x00000000eca00000,0x00000000eda00000)
 ParOldGen       total 77312K, used 21824K [0x00000000a0000000, 0x00000000a4b80000, 0x00000000e0000000)
  object space 77312K, 28% used [0x00000000a0000000,0x00000000a1550138,0x00000000a4b80000)
 Metaspace       used 55294K, capacity 56906K, committed 57176K, reserved 1097728K
  class space    used 7531K, capacity 7944K, committed 8064K, reserved 1048576K
Event: 13.704 GC heap after
Heap after GC invocations=12 (full 2):
 PSYoungGen      total 202240K, used 16367K [0x00000000e0000000, 0x00000000ee380000, 0x0000000100000000)
  eden space 185856K, 0% used [0x00000000e0000000,0x00000000e0000000,0x00000000eb580000)
  from space 16384K, 99% used [0x00000000eca00000,0x00000000ed9fbc08,0x00000000eda00000)
  to   space 20992K, 0% used [0x00000000eb580000,0x00000000eb580000,0x00000000eca00000)
 ParOldGen       total 77312K, used 28295K [0x00000000a0000000, 0x00000000a4b80000, 0x00000000e0000000)
  object space 77312K, 36% used [0x00000000a0000000,0x00000000a1ba1e80,0x00000000a4b80000)
 Metaspace       used 55294K, capacity 56906K, committed 57176K, reserved 1097728K
  class space    used 7531K, capacity 7944K, committed 8064K, reserved 1048576K
}
Event: 23.551 GC heap before
{Heap before GC invocations=13 (full 2):
 PSYoungGen      total 202240K, used 111595K [0x00000000e0000000, 0x00000000ee380000, 0x0000000100000000)
  eden space 185856K, 51% used [0x00000000e0000000,0x00000000e5cff358,0x00000000eb580000)
  from space 16384K, 99% used [0x00000000eca00000,0x00000000ed9fbc08,0x00000000eda00000)
  to   space 20992K, 0% used [0x00000000eb580000,0x00000000eb580000,0x00000000eca00000)
 ParOldGen       total 77312K, used 28295K [0x00000000a0000000, 0x00000000a4b80000, 0x00000000e0000000)
  object space 77312K, 36% used [0x00000000a0000000,0x00000000a1ba1e80,0x00000000a4b80000)
 Metaspace       used 57324K, capacity 58986K, committed 59028K, reserved 1099776K
  class space    used 7767K, capacity 8170K, committed 8192K, reserved 1048576K
Event: 23.579 GC heap after
Heap after GC invocations=13 (full 2):
 PSYoungGen      total 206848K, used 20234K [0x00000000e0000000, 0x00000000f1380000, 0x0000000100000000)
  eden space 185856K, 0% used [0x00000000e0000000,0x00000000e0000000,0x00000000eb580000)
  from space 20992K, 96% used [0x00000000eb580000,0x00000000ec942bf8,0x00000000eca00000)
  to   space 24064K, 0% used [0x00000000efc00000,0x00000000efc00000,0x00000000f1380000)
 ParOldGen       total 77312K, used 37846K [0x00000000a0000000, 0x00000000a4b80000, 0x00000000e0000000)
  object space 77312K, 48% used [0x00000000a0000000,0x00000000a24f5828,0x00000000a4b80000)
 Metaspace       used 57324K, capacity 58986K, committed 59028K, reserved 1099776K
  class space    used 7767K, capacity 8170K, committed 8192K, reserved 1048576K
}
Event: 23.579 GC heap before
{Heap before GC invocations=14 (full 3):
 PSYoungGen      total 206848K, used 20234K [0x00000000e0000000, 0x00000000f1380000, 0x0000000100000000)
  eden space 185856K, 0% used [0x00000000e0000000,0x00000000e0000000,0x00000000eb580000)
  from space 20992K, 96% used [0x00000000eb580000,0x00000000ec942bf8,0x00000000eca00000)
  to   space 24064K, 0% used [0x00000000efc00000,0x00000000efc00000,0x00000000f1380000)
 ParOldGen       total 77312K, used 37846K [0x00000000a0000000, 0x00000000a4b80000, 0x00000000e0000000)
  object space 77312K, 48% used [0x00000000a0000000,0x00000000a24f5828,0x00000000a4b80000)
 Metaspace       used 57324K, capacity 58986K, committed 59028K, reserved 1099776K
  class space    used 7767K, capacity 8170K, committed 8192K, reserved 1048576K
Event: 23.825 GC heap after
Heap after GC invocations=14 (full 3):
 PSYoungGen      total 206848K, used 0K [0x00000000e0000000, 0x00000000f1380000, 0x0000000100000000)
  eden space 185856K, 0% used [0x00000000e0000000,0x00000000e0000000,0x00000000eb580000)
  from space 20992K, 0% used [0x00000000eb580000,0x00000000eb580000,0x00000000eca00000)
  to   space 24064K, 0% used [0x00000000efc00000,0x00000000efc00000,0x00000000f1380000)
 ParOldGen       total 77312K, used 43247K [0x00000000a0000000, 0x00000000a4b80000, 0x00000000e0000000)
  object space 77312K, 55% used [0x00000000a0000000,0x00000000a2a3bc10,0x00000000a4b80000)
 Metaspace       used 57324K, capacity 58986K, committed 59028K, reserved 1099776K
  class space    used 7767K, capacity 8170K, committed 8192K, reserved 1048576K
}

Deoptimization events (10 events):
Event: 23.985 Thread 0x000000001e293800 Uncommon trap: reason=unstable_if action=reinterpret pc=0x00000000033e463c method=java.util.concurrent.ConcurrentHashMap.putVal(Ljava/lang/Object;Ljava/lang/Object;Z)Ljava/lang/Object; @ 195
Event: 24.101 Thread 0x000000001e295800 Uncommon trap: reason=class_check action=maybe_recompile pc=0x0000000003f15790 method=com.android.tools.r8.dex.DexParser.cacheAt(ILjava/util/function/Supplier;)Ljava/lang/Object; @ 32
Event: 24.108 Thread 0x000000001e295800 Uncommon trap: reason=unstable_if action=reinterpret pc=0x000000000378b50c method=java.util.Arrays.equals([B[B)Z @ 2
Event: 24.110 Thread 0x000000001e295000 Uncommon trap: reason=class_check action=maybe_recompile pc=0x0000000003f15790 method=com.android.tools.r8.dex.DexParser.cacheAt(ILjava/util/function/Supplier;)Ljava/lang/Object; @ 32
Event: 24.111 Thread 0x000000001e296800 Uncommon trap: reason=class_check action=maybe_recompile pc=0x0000000003f15790 method=com.android.tools.r8.dex.DexParser.cacheAt(ILjava/util/function/Supplier;)Ljava/lang/Object; @ 32
Event: 24.165 Thread 0x000000001e295800 Uncommon trap: reason=unstable_if action=reinterpret pc=0x0000000003b8f62c method=java.util.Arrays.hashCode([Ljava/lang/Object;)I @ 1
Event: 24.165 Thread 0x000000001e295000 Uncommon trap: reason=unstable_if action=reinterpret pc=0x0000000003b8f62c method=java.util.Arrays.hashCode([Ljava/lang/Object;)I @ 1
Event: 24.165 Thread 0x000000001e296800 Uncommon trap: reason=unstable_if action=reinterpret pc=0x0000000003b8f62c method=java.util.Arrays.hashCode([Ljava/lang/Object;)I @ 1
Event: 24.173 Thread 0x000000001e295800 Uncommon trap: reason=class_check action=maybe_recompile pc=0x0000000003f15790 method=com.android.tools.r8.dex.DexParser.cacheAt(ILjava/util/function/Supplier;)Ljava/lang/Object; @ 32
Event: 24.428 Thread 0x000000001e296800 Uncommon trap: reason=unloaded action=reinterpret pc=0x0000000003fc0cc0 method=com.android.tools.r8.code.BaseInstructionFactory.create(IILcom/android/tools/r8/code/BytecodeStream;Lcom/android/tools/r8/graph/OffsetToObjectMapping;)Lcom/android/tools/r8/cod

Classes redefined (0 events):
No events

Internal exceptions (10 events):
Event: 14.419 Thread 0x0000000019671000 Exception <a 'java/lang/NoSuchMethodError': <clinit>> (0x00000000e1914408) thrown at [D:\src\AOSP-openjdk-cygwin\jdk8u\hotspot\src\share\vm\prims\jni.cpp, line 1613]
Event: 14.501 Thread 0x000000001e28b000 Exception <a 'java/lang/NoSuchMethodError': <clinit>> (0x00000000e16a0d88) thrown at [D:\src\AOSP-openjdk-cygwin\jdk8u\hotspot\src\share\vm\prims\jni.cpp, line 1613]
Event: 14.503 Thread 0x000000001e28b000 Exception <a 'java/lang/NoSuchMethodError': <clinit>> (0x00000000e16aaac8) thrown at [D:\src\AOSP-openjdk-cygwin\jdk8u\hotspot\src\share\vm\prims\jni.cpp, line 1613]
Event: 14.504 Thread 0x000000001e28b000 Exception <a 'java/lang/NoSuchMethodError': <clinit>> (0x00000000e16c19a8) thrown at [D:\src\AOSP-openjdk-cygwin\jdk8u\hotspot\src\share\vm\prims\jni.cpp, line 1613]
Event: 14.507 Thread 0x000000001e28b000 Exception <a 'java/lang/NoSuchMethodError': <clinit>> (0x00000000e2042478) thrown at [D:\src\AOSP-openjdk-cygwin\jdk8u\hotspot\src\share\vm\prims\jni.cpp, line 1613]
Event: 15.494 Thread 0x000000001e292800 Exception <a 'sun/nio/fs/WindowsException'> (0x00000000e4e42650) thrown at [D:\src\AOSP-openjdk-cygwin\jdk8u\hotspot\src\share\vm\prims\jni.cpp, line 709]
Event: 23.515 Thread 0x000000001e293800 Exception <a 'sun/nio/fs/WindowsException'> (0x00000000e556d8c0) thrown at [D:\src\AOSP-openjdk-cygwin\jdk8u\hotspot\src\share\vm\prims\jni.cpp, line 709]
Event: 24.165 Thread 0x000000001e295800 Implicit null exception at 0x0000000003b8f52f to 0x0000000003b8f61d
Event: 24.165 Thread 0x000000001e295000 Implicit null exception at 0x0000000003b8f52f to 0x0000000003b8f61d
Event: 24.165 Thread 0x000000001e296800 Implicit null exception at 0x0000000003b8f52f to 0x0000000003b8f61d

Events (10 events):
Event: 24.269 loading class com/android/tools/r8/graph/DexCode$TryHandler done
Event: 24.269 loading class com/android/tools/r8/graph/DexCode$TryHandler$TypeAddrPair
Event: 24.269 loading class com/android/tools/r8/graph/DexCode$TryHandler$TypeAddrPair done
Event: 24.270 loading class com/android/tools/r8/graph/DexDebugEvent$RestartLocal
Event: 24.270 loading class com/android/tools/r8/graph/DexDebugEvent$RestartLocal done
Event: 24.270 loading class com/android/tools/r8/graph/DexDebugEvent$RestartLocal
Event: 24.270 loading class com/android/tools/r8/graph/DexDebugEvent$RestartLocal done
Event: 24.428 Thread 0x000000001e296800 Uncommon trap: trap_request=0x00000099 fr.pc=0x0000000003fc0cc0
Event: 24.428 Thread 0x000000001e296800 DEOPT PACKING pc=0x0000000003fc0cc0 sp=0x000000002468e870
Event: 24.428 Thread 0x000000001e296800 DEOPT UNPACKING pc=0x0000000002b0557b sp=0x000000002468e830 mode 2


Dynamic libraries:
0x00007ff76f830000 - 0x00007ff76f861000 	C:\Program Files\Android\Android Studio\jre\bin\java.exe
0x00007fffe4180000 - 0x00007fffe4361000 	C:\WINDOWS\SYSTEM32\ntdll.dll
0x00007fffe17e0000 - 0x00007fffe1892000 	C:\WINDOWS\System32\KERNEL32.DLL
0x00007fffe06f0000 - 0x00007fffe0963000 	C:\WINDOWS\System32\KERNELBASE.dll
0x00007fffe18c0000 - 0x00007fffe1961000 	C:\WINDOWS\System32\ADVAPI32.dll
0x00007fffe3cd0000 - 0x00007fffe3d6e000 	C:\WINDOWS\System32\msvcrt.dll
0x00007fffe3e60000 - 0x00007fffe3ebb000 	C:\WINDOWS\System32\sechost.dll
0x00007fffe1980000 - 0x00007fffe1aa4000 	C:\WINDOWS\System32\RPCRT4.dll
0x00007fffe1c30000 - 0x00007fffe1dc0000 	C:\WINDOWS\System32\USER32.dll
0x00007fffe0b00000 - 0x00007fffe0b20000 	C:\WINDOWS\System32\win32u.dll
0x00007fffe1610000 - 0x00007fffe1638000 	C:\WINDOWS\System32\GDI32.dll
0x00007fffe0b20000 - 0x00007fffe0cb2000 	C:\WINDOWS\System32\gdi32full.dll
0x00007fffe0650000 - 0x00007fffe06ef000 	C:\WINDOWS\System32\msvcp_win.dll
0x00007fffe0550000 - 0x00007fffe064a000 	C:\WINDOWS\System32\ucrtbase.dll
0x00007fffd9810000 - 0x00007fffd9a79000 	C:\WINDOWS\WinSxS\amd64_microsoft.windows.common-controls_6595b64144ccf1df_6.0.17134.345_none_fb429a5930656358\COMCTL32.dll
0x00007fffe1dd0000 - 0x00007fffe20f3000 	C:\WINDOWS\System32\combase.dll
0x00007fffe0970000 - 0x00007fffe09ea000 	C:\WINDOWS\System32\bcryptPrimitives.dll
0x00007fffe3740000 - 0x00007fffe376d000 	C:\WINDOWS\System32\IMM32.DLL
0x0000000058240000 - 0x0000000058312000 	C:\Program Files\Android\Android Studio\jre\jre\bin\msvcr100.dll
0x0000000055c10000 - 0x0000000056451000 	C:\Program Files\Android\Android Studio\jre\jre\bin\server\jvm.dll
0x00007fffe1dc0000 - 0x00007fffe1dc8000 	C:\WINDOWS\System32\PSAPI.DLL
0x00007fffcc910000 - 0x00007fffcc919000 	C:\WINDOWS\SYSTEM32\WSOCK32.dll
0x00007fffe36d0000 - 0x00007fffe373c000 	C:\WINDOWS\System32\WS2_32.dll
0x00007fffdb130000 - 0x00007fffdb153000 	C:\WINDOWS\SYSTEM32\WINMM.dll
0x00007fffdae70000 - 0x00007fffdae7a000 	C:\WINDOWS\SYSTEM32\VERSION.dll
0x00007fffdaf50000 - 0x00007fffdaf7a000 	C:\WINDOWS\SYSTEM32\WINMMBASE.dll
0x00007fffe15c0000 - 0x00007fffe1609000 	C:\WINDOWS\System32\cfgmgr32.dll
0x00007fffdcb10000 - 0x00007fffdcb1f000 	C:\Program Files\Android\Android Studio\jre\jre\bin\verify.dll
0x00007fffd3730000 - 0x00007fffd3759000 	C:\Program Files\Android\Android Studio\jre\jre\bin\java.dll
0x00007fffd3700000 - 0x00007fffd3723000 	C:\Program Files\Android\Android Studio\jre\jre\bin\instrument.dll
0x00007fffd9490000 - 0x00007fffd94a6000 	C:\Program Files\Android\Android Studio\jre\jre\bin\zip.dll
0x00007fffe2100000 - 0x00007fffe353f000 	C:\WINDOWS\System32\SHELL32.dll
0x00007fffe3770000 - 0x00007fffe3819000 	C:\WINDOWS\System32\shcore.dll
0x00007fffe0eb0000 - 0x00007fffe15bd000 	C:\WINDOWS\System32\windows.storage.dll
0x00007fffe3670000 - 0x00007fffe36c1000 	C:\WINDOWS\System32\shlwapi.dll
0x00007fffe0520000 - 0x00007fffe0531000 	C:\WINDOWS\System32\kernel.appcore.dll
0x00007fffe0500000 - 0x00007fffe051f000 	C:\WINDOWS\System32\profapi.dll
0x00007fffe04b0000 - 0x00007fffe04fc000 	C:\WINDOWS\System32\powrprof.dll
0x00007fffe0540000 - 0x00007fffe054a000 	C:\WINDOWS\System32\FLTLIB.DLL
0x00007fffd9090000 - 0x00007fffd90aa000 	C:\Program Files\Android\Android Studio\jre\jre\bin\net.dll
0x00007fffdf9b0000 - 0x00007fffdfa16000 	C:\WINDOWS\system32\mswsock.dll
0x00007fffd7590000 - 0x00007fffd75a1000 	C:\Program Files\Android\Android Studio\jre\jre\bin\nio.dll
0x00007fffd77f0000 - 0x00007fffd780e000 	C:\Users\Phuc Pham\.gradle\native\25\windows-amd64\native-platform.dll
0x00007fffdc420000 - 0x00007fffdc42d000 	C:\Program Files\Android\Android Studio\jre\jre\bin\management.dll
0x00007fffdfe50000 - 0x00007fffdfe67000 	C:\WINDOWS\SYSTEM32\CRYPTSP.dll
0x00007fffdf590000 - 0x00007fffdf5c3000 	C:\WINDOWS\system32\rsaenh.dll
0x00007fffdfe20000 - 0x00007fffdfe45000 	C:\WINDOWS\SYSTEM32\bcrypt.dll
0x00007fffe0390000 - 0x00007fffe03b8000 	C:\WINDOWS\SYSTEM32\USERENV.dll
0x00007fffdfb60000 - 0x00007fffdfb6b000 	C:\WINDOWS\SYSTEM32\CRYPTBASE.dll
0x00007fffdf730000 - 0x00007fffdf768000 	C:\WINDOWS\SYSTEM32\IPHLPAPI.DLL
0x00007fffe3540000 - 0x00007fffe3548000 	C:\WINDOWS\System32\NSI.dll
0x00007fffd9030000 - 0x00007fffd9046000 	C:\WINDOWS\SYSTEM32\dhcpcsvc6.DLL
0x00007fffd9010000 - 0x00007fffd902a000 	C:\WINDOWS\SYSTEM32\dhcpcsvc.DLL
0x00007fffdf770000 - 0x00007fffdf82e000 	C:\WINDOWS\SYSTEM32\DNSAPI.dll
0x0000000057be0000 - 0x0000000057c06000 	C:\Program Files\Bonjour\mdnsNSP.dll
0x00007fffd0780000 - 0x00007fffd078a000 	C:\Windows\System32\rasadhlp.dll
0x00007fffd0880000 - 0x00007fffd08f2000 	C:\WINDOWS\System32\fwpuclnt.dll

VM Arguments:
jvm_args: -javaagent:C:\Program Files\LogiGear\TestArchitect\binclient\agents\java\lib\ext\TAJavaLoader.jar -Xmx1536m -Dfile.encoding=windows-1258 -Duser.country=US -Duser.language=en -Duser.variant 
java_command: org.gradle.launcher.daemon.bootstrap.GradleDaemon 4.6
java_class_path (initial): C:\Users\Phuc Pham\.gradle\wrapper\dists\gradle-4.6-all\bcst21l2brirad8k2ben1letg\gradle-4.6\lib\gradle-launcher-4.6.jar;C:\Program Files\LogiGear\TestArchitect\binclient\agents\java\lib\ext\TAJavaLoader.jar
Launcher Type: SUN_STANDARD

Environment Variables:
JAVA_TOOL_OPTIONS=-javaagent:"C:\Program Files\LogiGear\TestArchitect\binclient\agents\java\lib\ext\TAJavaLoader.jar"
PATH=C:\ProgramData\Oracle\Java\javapath;C:\Program Files (x86)\Java\jre1.8.0_65\bin;C:\Program Files\Java\jdk1.8.0_65\bin;C:\Users\Phuc Pham\.dnx\bin;C:\Program Files\Microsoft DNX\Dnvm\;C:\WINDOWS\system32;C:\WINDOWS;C:\WINDOWS\System32\Wbem;C:\WINDOWS\System32\WindowsPowerShell\v1.0\;C:\Program Files (x86)\Windows Kits\8.1\Windows Performance Toolkit\;C:\Program Files\MATLAB\MATLAB Compiler Runtime\v83\runtime\win64;D:\tool\runtime\win64;D:\tool\bin;D:\tool\polyspace\bin;C:\Program Files\Microsoft SQL Server\Client SDK\ODBC\110\Tools\Binn\;C:\Program Files (x86)\Microsoft SQL Server\120\Tools\Binn\;C:\Program Files\Microsoft SQL Server\120\Tools\Binn\;C:\Program Files\Microsoft SQL Server\120\DTS\Binn\;C:\Program Files (x86)\Microsoft SQL Server\120\Tools\Binn\ManagementStudio\;C:\Program Files (x86)\Microsoft SQL Server\120\DTS\Binn\;C:\Program Files\nodejs\;D:\GIT\Git\cmd;C:\HashiCorp\Vagrant\bin;C:\WINDOWS\System32\OpenSSH\;C:\Program Files\LogiGear\TestArchitect\binclient;C:\Users\Phuc Pham\AppData\Local\Programs\Python\Python37-32\Scripts\;C:\Users\Phuc Pham\AppData\Local\Programs\Python\Python37-32\;C:\Users\Phuc Pham\AppData\Local\Microsoft\WindowsApps;C:\Users\Phuc Pham\AppData\Roaming\npm;C:\Program Files\LogiGear\TestArchitect\binclient
USERNAME=Phuc Pham
OS=Windows_NT
PROCESSOR_IDENTIFIER=Intel64 Family 6 Model 60 Stepping 3, GenuineIntel



---------------  S Y S T E M  ---------------

OS: Windows 10.0 , 64 bit Build 17134 (10.0.17134.1)

CPU:total 4 (initial active 4) (2 cores per cpu, 2 threads per core) family 6 model 60 stepping 3, cmov, cx8, fxsr, mmx, sse, sse2, sse3, ssse3, sse4.1, sse4.2, popcnt, avx, avx2, aes, clmul, erms, lzcnt, ht, tsc, tscinvbit, bmi1, bmi2

Memory: 4k page, physical 6171668k(495276k free), swap 10267668k(4224k free)

vm_info: OpenJDK 64-Bit Server VM (25.152-b06) for windows-amd64 JRE (1.8.0_152-release-1136-b06), built by "builder" with MS VC++ 10.0 (VS2010)

time: Sun Oct 28 16:42:47 2018
elapsed time: 24 seconds (0d 0h 0m 24s)

